Log file open, 06/02/20 17:15:33
LogInit: Display: Running engine for game: BullCowGame
LogPlatformFile: Not using cached read wrapper
LogTaskGraph: Started task graph with 5 named threads and 23 total threads with 3 sets of task threads.
LogStats: Stats thread started at 0.190617
LogD3D11RHI: Loaded GFSDK_Aftermath_Lib.x64.dll
LogICUInternationalization: ICU TimeZone Detection - Raw Offset: +2:00, Platform Override: ''
LogPluginManager: Mounting plugin Paper2D
LogPluginManager: Mounting plugin AISupport
LogPluginManager: Mounting plugin LightPropagationVolume
LogPluginManager: Mounting plugin CameraShakePreviewer
LogPluginManager: Mounting plugin ActorLayerUtilities
LogPluginManager: Mounting plugin AnimationSharing
LogPluginManager: Mounting plugin CLionSourceCodeAccess
LogPluginManager: Mounting plugin CodeLiteSourceCodeAccess
LogPluginManager: Mounting plugin GitSourceControl
LogPluginManager: Mounting plugin KDevelopSourceCodeAccess
LogPluginManager: Mounting plugin NullSourceCodeAccess
LogPluginManager: Mounting plugin PerforceSourceControl
LogPluginManager: Mounting plugin PlasticSourceControl
LogPluginManager: Mounting plugin RiderSourceCodeAccess
LogPluginManager: Mounting plugin SubversionSourceControl
LogPluginManager: Mounting plugin UObjectPlugin
LogPluginManager: Mounting plugin VisualStudioCodeSourceCodeAccess
LogPluginManager: Mounting plugin VisualStudioSourceCodeAccess
LogPluginManager: Mounting plugin XCodeSourceCodeAccess
LogPluginManager: Mounting plugin AssetManagerEditor
LogPluginManager: Mounting plugin CryptoKeys
LogPluginManager: Mounting plugin CurveEditorTools
LogPluginManager: Mounting plugin DataValidation
LogPluginManager: Mounting plugin EditorScriptingUtilities
LogPluginManager: Mounting plugin FacialAnimation
LogPluginManager: Mounting plugin GameplayTagsEditor
LogPluginManager: Mounting plugin GeometryMode
LogPluginManager: Mounting plugin MacGraphicsSwitching
LogPluginManager: Mounting plugin MaterialAnalyzer
LogPluginManager: Mounting plugin MobileLauncherProfileWizard
LogPluginManager: Mounting plugin PluginBrowser
LogPluginManager: Mounting plugin SpeedTreeImporter
LogPluginManager: Mounting plugin DatasmithContent
LogPluginManager: Mounting plugin VariantManagerContent
LogPluginManager: Mounting plugin AlembicImporter
LogPluginManager: Mounting plugin AutomationUtils
LogPluginManager: Mounting plugin BackChannel
LogPluginManager: Mounting plugin ChaosCloth
LogPluginManager: Mounting plugin ChaosClothEditor
LogPluginManager: Mounting plugin ChaosEditor
LogPluginManager: Mounting plugin ChaosNiagara
LogPluginManager: Mounting plugin ChaosSolverPlugin
LogPluginManager: Mounting plugin CharacterAI
LogPluginManager: Mounting plugin GeometryCache
LogPluginManager: Mounting plugin GeometryCollectionPlugin
LogPluginManager: Mounting plugin GeometryProcessing
LogPluginManager: Mounting plugin PlanarCut
LogPluginManager: Mounting plugin PlatformCrypto
LogPluginManager: Mounting plugin ProxyLODPlugin
LogPluginManager: Mounting plugin SkeletalReduction
LogPluginManager: Mounting plugin Niagara
LogPluginManager: Mounting plugin MagicLeap
LogPluginManager: Mounting plugin MagicLeapLightEstimation
LogPluginManager: Mounting plugin MagicLeapMedia
LogPluginManager: Mounting plugin MagicLeapPassableWorld
LogPluginManager: Mounting plugin MLSDK
LogPluginManager: Mounting plugin AndroidMedia
LogPluginManager: Mounting plugin AvfMedia
LogPluginManager: Mounting plugin ImgMedia
LogPluginManager: Mounting plugin MediaCompositing
LogPluginManager: Mounting plugin MediaPlayerEditor
LogPluginManager: Mounting plugin WebMMedia
LogPluginManager: Mounting plugin WmfMedia
LogPluginManager: Mounting plugin MeshPainting
LogPluginManager: Mounting plugin TcpMessaging
LogPluginManager: Mounting plugin UdpMessaging
LogPluginManager: Mounting plugin ActorSequence
LogPluginManager: Mounting plugin LevelSequenceEditor
LogPluginManager: Mounting plugin MatineeToLevelSequence
LogPluginManager: Mounting plugin MovieRenderPipeline
LogPluginManager: Mounting plugin TemplateSequence
LogPluginManager: Mounting plugin NetcodeUnitTest
LogPluginManager: Mounting plugin NUTUnrealEngine4
LogPluginManager: Mounting plugin OnlineSubsystemGooglePlay
LogPluginManager: Mounting plugin OnlineSubsystemIOS
LogPluginManager: Mounting plugin OnlineSubsystem
LogPluginManager: Mounting plugin OnlineSubsystemNull
LogPluginManager: Mounting plugin OnlineSubsystemUtils
LogPluginManager: Mounting plugin LauncherChunkInstaller
LogPluginManager: Mounting plugin AndroidDeviceProfileSelector
LogPluginManager: Mounting plugin AndroidMoviePlayer
LogPluginManager: Mounting plugin AndroidPermission
LogPluginManager: Mounting plugin AppleImageUtils
LogPluginManager: Mounting plugin AppleMoviePlayer
LogPluginManager: Mounting plugin ArchVisCharacter
LogPluginManager: Mounting plugin AssetTags
LogPluginManager: Mounting plugin AudioCapture
LogPluginManager: Mounting plugin CableComponent
LogPluginManager: Mounting plugin CustomMeshComponent
LogPluginManager: Mounting plugin EditableMesh
LogPluginManager: Mounting plugin ExampleDeviceProfileSelector
LogPluginManager: Mounting plugin GoogleCloudMessaging
LogPluginManager: Mounting plugin GooglePAD
LogPluginManager: Mounting plugin IOSDeviceProfileSelector
LogPluginManager: Mounting plugin LinuxDeviceProfileSelector
LogPluginManager: Mounting plugin LocationServicesBPLibrary
LogPluginManager: Mounting plugin MobilePatchingUtils
LogPluginManager: Mounting plugin OculusVR
LogPluginManager: Mounting plugin PhysXVehicles
LogPluginManager: Mounting plugin PostSplashScreen
LogPluginManager: Mounting plugin ProceduralMeshComponent
LogPluginManager: Mounting plugin RuntimePhysXCooking
LogPluginManager: Mounting plugin SignificanceManager
LogPluginManager: Mounting plugin SoundFields
LogPluginManager: Mounting plugin SteamVR
LogPluginManager: Mounting plugin Synthesis
LogPluginManager: Mounting plugin WebMMoviePlayer
LogPluginManager: Mounting plugin WindowsMoviePlayer
LogPluginManager: Mounting plugin ScreenshotTools
LogInit: Using libcurl 7.55.1-DEV
LogInit:  - built for x86_64-pc-win32
LogInit:  - supports SSL with OpenSSL/1.1.1
LogInit:  - supports HTTP deflate (compression) using libz 1.2.8
LogInit:  - other features:
LogInit:      CURL_VERSION_SSL
LogInit:      CURL_VERSION_LIBZ
LogInit:      CURL_VERSION_IPV6
LogInit:      CURL_VERSION_ASYNCHDNS
LogInit:      CURL_VERSION_LARGEFILE
LogInit:      CURL_VERSION_IDN
LogInit:  CurlRequestOptions (configurable via config and command line):
LogInit:  - bVerifyPeer = true  - Libcurl will verify peer certificate
LogInit:  - bUseHttpProxy = false  - Libcurl will NOT use HTTP proxy
LogInit:  - bDontReuseConnections = false  - Libcurl will reuse connections
LogInit:  - MaxHostConnections = 16  - Libcurl will limit the number of connections to a host
LogInit:  - LocalHostAddr = Default
LogInit:  - BufferSize = 65536
LogOnline: OSS: Creating online subsystem instance for: NULL
LogInit: WinSock: version 1.1 (2.2), MaxSocks=32767, MaxUdp=65467
LogOnline: OSS: TryLoadSubsystemAndSetDefault: Loaded subsystem for module [NULL]
LogInit: Build: ++UE4+Release-4.25-CL-13144385
LogInit: Engine Version: 4.25.0-13144385+++UE4+Release-4.25
LogInit: Compatible Engine Version: 4.25.0-13144385+++UE4+Release-4.25
LogInit: Net CL: 13144385
LogInit: OS: Windows 10 (Release 1903) (), CPU: Intel(R) Core(TM) i5-8250U CPU @ 1.60GHz, GPU: Intel(R) UHD Graphics 620
LogInit: Compiled (64-bit): May  2 2020 02:12:11
LogInit: Compiled with Visual C++: 19.24.28315.00
LogInit: Build Configuration: Development
LogInit: Branch Name: ++UE4+Release-4.25
LogInit: Command Line: 
LogInit: Base Directory: C:/Program Files/Epic Games/UE_4.25/Engine/Binaries/Win64/
LogInit: Allocator: TBB
LogInit: Installed Engine Build: 1
LogDevObjectVersion: Number of dev versions registered: 26
LogDevObjectVersion:   Dev-Blueprints (B0D832E4-1F89-4F0D-ACCF-7EB736FD4AA2): 10
LogDevObjectVersion:   Dev-Build (E1C64328-A22C-4D53-A36C-8E866417BD8C): 0
LogDevObjectVersion:   Dev-Core (375EC13C-06E4-48FB-B500-84F0262A717E): 4
LogDevObjectVersion:   Dev-Editor (E4B068ED-F494-42E9-A231-DA0B2E46BB41): 38
LogDevObjectVersion:   Dev-Framework (CFFC743F-43B0-4480-9391-14DF171D2073): 37
LogDevObjectVersion:   Dev-Mobile (B02B49B5-BB20-44E9-A304-32B752E40360): 2
LogDevObjectVersion:   Dev-Networking (A4E4105C-59A1-49B5-A7C5-40C4547EDFEE): 0
LogDevObjectVersion:   Dev-Online (39C831C9-5AE6-47DC-9A44-9C173E1C8E7C): 0
LogDevObjectVersion:   Dev-Physics (78F01B33-EBEA-4F98-B9B4-84EACCB95AA2): 4
LogDevObjectVersion:   Dev-Platform (6631380F-2D4D-43E0-8009-CF276956A95A): 0
LogDevObjectVersion:   Dev-Rendering (12F88B9F-8875-4AFC-A67C-D90C383ABD29): 43
LogDevObjectVersion:   Dev-Sequencer (7B5AE74C-D270-4C10-A958-57980B212A5A): 12
LogDevObjectVersion:   Dev-VR (D7296918-1DD6-4BDD-9DE2-64A83CC13884): 3
LogDevObjectVersion:   Dev-LoadTimes (C2A15278-BFE7-4AFE-6C17-90FF531DF755): 1
LogDevObjectVersion:   Private-Geometry (6EACA3D4-40EC-4CC1-B786-8BED09428FC5): 3
LogDevObjectVersion:   Dev-AnimPhys (29E575DD-E0A3-4627-9D10-D276232CDCEA): 17
LogDevObjectVersion:   Dev-Anim (AF43A65D-7FD3-4947-9873-3E8ED9C1BB05): 7
LogDevObjectVersion:   Dev-ReflectionCapture (6B266CEC-1EC7-4B8F-A30B-E4D90942FC07): 1
LogDevObjectVersion:   Dev-Automation (0DF73D61-A23F-47EA-B727-89E90C41499A): 1
LogDevObjectVersion:   FortniteMain (601D1886-AC64-4F84-AA16-D3DE0DEAC7D6): 31
LogDevObjectVersion:   Dev-Enterprise (9DFFBCD6-494F-0158-E221-12823C92A888): 10
LogDevObjectVersion:   Dev-Niagara (F2AED0AC-9AFE-416F-8664-AA7FFA26D6FC): 1
LogDevObjectVersion:   Dev-Destruction (174F1F0B-B4C6-45A5-B13F-2EE8D0FB917D): 10
LogDevObjectVersion:   Dev-Physics-Ext (35F94A83-E258-406C-A318-09F59610247C): 37
LogDevObjectVersion:   Dev-PhysicsMaterial-Chaos (B68FC16E-8B1B-42E2-B453-215C058844FE): 1
LogDevObjectVersion:   Dev-CineCamera (B2E18506-4273-CFC2-A54E-F4BB758BBA07): 1
LogInit: Presizing for max 25165824 objects, including 0 objects not considered by GC, pre-allocating 0 bytes for permanent pool.
LogConfig: Applying CVar settings from Section [/Script/Engine.StreamingSettings] File [C:/Users/yonat/Desktop/Udemey Resources/BullCowGame-starter-kit/Saved/Config/Windows/Engine.ini]
LogConfig: Setting CVar [[s.MinBulkDataSizeForAsyncLoading:131072]]
LogConfig: Setting CVar [[s.AsyncLoadingThreadEnabled:0]]
LogConfig: Setting CVar [[s.EventDrivenLoaderEnabled:1]]
LogConfig: Setting CVar [[s.WarnIfTimeLimitExceeded:0]]
LogConfig: Setting CVar [[s.TimeLimitExceededMultiplier:1.5]]
LogConfig: Setting CVar [[s.TimeLimitExceededMinTime:0.005]]
LogConfig: Setting CVar [[s.UseBackgroundLevelStreaming:1]]
LogConfig: Setting CVar [[s.PriorityAsyncLoadingExtraTime:15.0]]
LogConfig: Setting CVar [[s.LevelStreamingActorsUpdateTimeLimit:5.0]]
LogConfig: Setting CVar [[s.PriorityLevelStreamingActorsUpdateExtraTime:5.0]]
LogConfig: Setting CVar [[s.LevelStreamingComponentsRegistrationGranularity:10]]
LogConfig: Setting CVar [[s.UnregisterComponentsTimeLimit:1.0]]
LogConfig: Setting CVar [[s.LevelStreamingComponentsUnregistrationGranularity:5]]
LogConfig: Setting CVar [[s.FlushStreamingOnExit:1]]
LogInit: Object subsystem initialized
LogConfig: Setting CVar [[con.DebugEarlyDefault:1]]
LogConfig: Setting CVar [[r.setres:1280x720]]
[2020.06.02-14.15.34:235][  0]LogConfig: Setting CVar [[r.VSync:0]]
[2020.06.02-14.15.34:235][  0]LogConfig: Setting CVar [[r.RHICmdBypass:0]]
[2020.06.02-14.15.34:235][  0]LogConfig: Applying CVar settings from Section [/Script/Engine.RendererSettings] File [C:/Users/yonat/Desktop/Udemey Resources/BullCowGame-starter-kit/Saved/Config/Windows/Engine.ini]
[2020.06.02-14.15.34:235][  0]LogConfig: Setting CVar [[r.GPUCrashDebugging:0]]
[2020.06.02-14.15.34:235][  0]LogConfig: Setting CVar [[r.DefaultFeature.AutoExposure.ExtendDefaultLuminanceRange:1]]
[2020.06.02-14.15.34:235][  0]LogConfig: Applying CVar settings from Section [/Script/Engine.RendererOverrideSettings] File [C:/Users/yonat/Desktop/Udemey Resources/BullCowGame-starter-kit/Saved/Config/Windows/Engine.ini]
[2020.06.02-14.15.34:235][  0]LogConfig: Applying CVar settings from Section [/Script/Engine.StreamingSettings] File [C:/Users/yonat/Desktop/Udemey Resources/BullCowGame-starter-kit/Saved/Config/Windows/Engine.ini]
[2020.06.02-14.15.34:235][  0]LogConfig: Setting CVar [[s.MinBulkDataSizeForAsyncLoading:131072]]
[2020.06.02-14.15.34:235][  0]LogConfig: Setting CVar [[s.AsyncLoadingThreadEnabled:0]]
[2020.06.02-14.15.34:235][  0]LogConfig: Setting CVar [[s.EventDrivenLoaderEnabled:1]]
[2020.06.02-14.15.34:235][  0]LogConfig: Setting CVar [[s.WarnIfTimeLimitExceeded:0]]
[2020.06.02-14.15.34:235][  0]LogConfig: Setting CVar [[s.TimeLimitExceededMultiplier:1.5]]
[2020.06.02-14.15.34:235][  0]LogConfig: Setting CVar [[s.TimeLimitExceededMinTime:0.005]]
[2020.06.02-14.15.34:235][  0]LogConfig: Setting CVar [[s.UseBackgroundLevelStreaming:1]]
[2020.06.02-14.15.34:235][  0]LogConfig: Setting CVar [[s.PriorityAsyncLoadingExtraTime:15.0]]
[2020.06.02-14.15.34:235][  0]LogConfig: Setting CVar [[s.LevelStreamingActorsUpdateTimeLimit:5.0]]
[2020.06.02-14.15.34:235][  0]LogConfig: Setting CVar [[s.PriorityLevelStreamingActorsUpdateExtraTime:5.0]]
[2020.06.02-14.15.34:235][  0]LogConfig: Setting CVar [[s.LevelStreamingComponentsRegistrationGranularity:10]]
[2020.06.02-14.15.34:235][  0]LogConfig: Setting CVar [[s.UnregisterComponentsTimeLimit:1.0]]
[2020.06.02-14.15.34:235][  0]LogConfig: Setting CVar [[s.LevelStreamingComponentsUnregistrationGranularity:5]]
[2020.06.02-14.15.34:235][  0]LogConfig: Setting CVar [[s.FlushStreamingOnExit:1]]
[2020.06.02-14.15.34:235][  0]LogConfig: Applying CVar settings from Section [/Script/Engine.GarbageCollectionSettings] File [C:/Users/yonat/Desktop/Udemey Resources/BullCowGame-starter-kit/Saved/Config/Windows/Engine.ini]
[2020.06.02-14.15.34:235][  0]LogConfig: Setting CVar [[gc.MaxObjectsNotConsideredByGC:1]]
[2020.06.02-14.15.34:235][  0]LogConfig: Setting CVar [[gc.SizeOfPermanentObjectPool:0]]
[2020.06.02-14.15.34:235][  0]LogConfig: Setting CVar [[gc.FlushStreamingOnGC:0]]
[2020.06.02-14.15.34:235][  0]LogConfig: Setting CVar [[gc.NumRetriesBeforeForcingGC:10]]
[2020.06.02-14.15.34:235][  0]LogConfig: Setting CVar [[gc.AllowParallelGC:1]]
[2020.06.02-14.15.34:235][  0]LogConfig: Setting CVar [[gc.TimeBetweenPurgingPendingKillObjects:61.1]]
[2020.06.02-14.15.34:235][  0]LogConfig: Setting CVar [[gc.MaxObjectsInEditor:25165824]]
[2020.06.02-14.15.34:235][  0]LogConfig: Setting CVar [[gc.IncrementalBeginDestroyEnabled:1]]
[2020.06.02-14.15.34:235][  0]LogConfig: Setting CVar [[gc.CreateGCClusters:1]]
[2020.06.02-14.15.34:235][  0]LogConfig: Setting CVar [[gc.MinGCClusterSize:5]]
[2020.06.02-14.15.34:235][  0]LogConfig: Setting CVar [[gc.ActorClusteringEnabled:0]]
[2020.06.02-14.15.34:235][  0]LogConfig: Setting CVar [[gc.BlueprintClusteringEnabled:0]]
[2020.06.02-14.15.34:235][  0]LogConfig: Setting CVar [[gc.UseDisregardForGCOnDedicatedServers:0]]
[2020.06.02-14.15.34:235][  0]LogConfig: Applying CVar settings from Section [/Script/Engine.NetworkSettings] File [C:/Users/yonat/Desktop/Udemey Resources/BullCowGame-starter-kit/Saved/Config/Windows/Engine.ini]
[2020.06.02-14.15.34:235][  0]LogConfig: Applying CVar settings from Section [/Script/UnrealEd.CookerSettings] File [C:/Users/yonat/Desktop/Udemey Resources/BullCowGame-starter-kit/Saved/Config/Windows/Engine.ini]
[2020.06.02-14.15.34:243][  0]LogConfig: Applying CVar settings from Section [ViewDistanceQuality@3] File [C:/Users/yonat/Desktop/Udemey Resources/BullCowGame-starter-kit/Saved/Config/Windows/Scalability.ini]
[2020.06.02-14.15.34:243][  0]LogConfig: Setting CVar [[r.SkeletalMeshLODBias:0]]
[2020.06.02-14.15.34:243][  0]LogConfig: Setting CVar [[r.ViewDistanceScale:1.0]]
[2020.06.02-14.15.34:243][  0]LogConfig: Applying CVar settings from Section [AntiAliasingQuality@3] File [C:/Users/yonat/Desktop/Udemey Resources/BullCowGame-starter-kit/Saved/Config/Windows/Scalability.ini]
[2020.06.02-14.15.34:243][  0]LogConfig: Setting CVar [[r.PostProcessAAQuality:4]]
[2020.06.02-14.15.34:243][  0]LogConfig: Applying CVar settings from Section [ShadowQuality@3] File [C:/Users/yonat/Desktop/Udemey Resources/BullCowGame-starter-kit/Saved/Config/Windows/Scalability.ini]
[2020.06.02-14.15.34:243][  0]LogConfig: Setting CVar [[r.LightFunctionQuality:1]]
[2020.06.02-14.15.34:243][  0]LogConfig: Setting CVar [[r.ShadowQuality:5]]
[2020.06.02-14.15.34:244][  0]LogConfig: Setting CVar [[r.Shadow.CSM.MaxCascades:10]]
[2020.06.02-14.15.34:244][  0]LogConfig: Setting CVar [[r.Shadow.MaxResolution:2048]]
[2020.06.02-14.15.34:244][  0]LogConfig: Setting CVar [[r.Shadow.MaxCSMResolution:2048]]
[2020.06.02-14.15.34:244][  0]LogConfig: Setting CVar [[r.Shadow.RadiusThreshold:0.01]]
[2020.06.02-14.15.34:244][  0]LogConfig: Setting CVar [[r.Shadow.DistanceScale:1.0]]
[2020.06.02-14.15.34:244][  0]LogConfig: Setting CVar [[r.Shadow.CSM.TransitionScale:1.0]]
[2020.06.02-14.15.34:244][  0]LogConfig: Setting CVar [[r.Shadow.PreShadowResolutionFactor:1.0]]
[2020.06.02-14.15.34:244][  0]LogConfig: Setting CVar [[r.DistanceFieldShadowing:1]]
[2020.06.02-14.15.34:244][  0]LogConfig: Setting CVar [[r.DistanceFieldAO:1]]
[2020.06.02-14.15.34:244][  0]LogConfig: Setting CVar [[r.AOQuality:2]]
[2020.06.02-14.15.34:244][  0]LogConfig: Setting CVar [[r.VolumetricFog:1]]
[2020.06.02-14.15.34:244][  0]LogConfig: Setting CVar [[r.VolumetricFog.GridPixelSize:8]]
[2020.06.02-14.15.34:244][  0]LogConfig: Setting CVar [[r.VolumetricFog.GridSizeZ:128]]
[2020.06.02-14.15.34:244][  0]LogConfig: Setting CVar [[r.VolumetricFog.HistoryMissSupersampleCount:4]]
[2020.06.02-14.15.34:244][  0]LogConfig: Setting CVar [[r.LightMaxDrawDistanceScale:1]]
[2020.06.02-14.15.34:244][  0]LogConfig: Setting CVar [[r.CapsuleShadows:1]]
[2020.06.02-14.15.34:244][  0]LogConfig: Applying CVar settings from Section [PostProcessQuality@3] File [C:/Users/yonat/Desktop/Udemey Resources/BullCowGame-starter-kit/Saved/Config/Windows/Scalability.ini]
[2020.06.02-14.15.34:244][  0]LogConfig: Setting CVar [[r.MotionBlurQuality:4]]
[2020.06.02-14.15.34:244][  0]LogConfig: Setting CVar [[r.AmbientOcclusionMipLevelFactor:0.4]]
[2020.06.02-14.15.34:244][  0]LogConfig: Setting CVar [[r.AmbientOcclusionMaxQuality:100]]
[2020.06.02-14.15.34:244][  0]LogConfig: Setting CVar [[r.AmbientOcclusionLevels:-1]]
[2020.06.02-14.15.34:244][  0]LogConfig: Setting CVar [[r.AmbientOcclusionRadiusScale:1.0]]
[2020.06.02-14.15.34:244][  0]LogConfig: Setting CVar [[r.DepthOfFieldQuality:2]]
[2020.06.02-14.15.34:244][  0]LogConfig: Setting CVar [[r.RenderTargetPoolMin:400]]
[2020.06.02-14.15.34:244][  0]LogConfig: Setting CVar [[r.LensFlareQuality:2]]
[2020.06.02-14.15.34:244][  0]LogConfig: Setting CVar [[r.SceneColorFringeQuality:1]]
[2020.06.02-14.15.34:244][  0]LogConfig: Setting CVar [[r.EyeAdaptationQuality:2]]
[2020.06.02-14.15.34:244][  0]LogConfig: Setting CVar [[r.BloomQuality:5]]
[2020.06.02-14.15.34:244][  0]LogConfig: Setting CVar [[r.FastBlurThreshold:100]]
[2020.06.02-14.15.34:244][  0]LogConfig: Setting CVar [[r.Upscale.Quality:3]]
[2020.06.02-14.15.34:244][  0]LogConfig: Setting CVar [[r.Tonemapper.GrainQuantization:1]]
[2020.06.02-14.15.34:244][  0]LogConfig: Setting CVar [[r.LightShaftQuality:1]]
[2020.06.02-14.15.34:244][  0]LogConfig: Setting CVar [[r.Filter.SizeScale:1]]
[2020.06.02-14.15.34:244][  0]LogConfig: Setting CVar [[r.Tonemapper.Quality:5]]
[2020.06.02-14.15.34:244][  0]LogConfig: Setting CVar [[r.DOF.Gather.AccumulatorQuality:1        ; higher gathering accumulator quality]]
[2020.06.02-14.15.34:244][  0]LogConfig: Setting CVar [[r.DOF.Gather.PostfilterMethod:1          ; Median3x3 postfilering method]]
[2020.06.02-14.15.34:244][  0]LogConfig: Setting CVar [[r.DOF.Gather.EnableBokehSettings:0       ; no bokeh simulation when gathering]]
[2020.06.02-14.15.34:244][  0]LogConfig: Setting CVar [[r.DOF.Gather.RingCount:4                 ; medium number of samples when gathering]]
[2020.06.02-14.15.34:244][  0]LogConfig: Setting CVar [[r.DOF.Scatter.ForegroundCompositing:1    ; additive foreground scattering]]
[2020.06.02-14.15.34:244][  0]LogConfig: Setting CVar [[r.DOF.Scatter.BackgroundCompositing:2    ; additive background scattering]]
[2020.06.02-14.15.34:244][  0]LogConfig: Setting CVar [[r.DOF.Scatter.EnableBokehSettings:1      ; bokeh simulation when scattering]]
[2020.06.02-14.15.34:244][  0]LogConfig: Setting CVar [[r.DOF.Scatter.MaxSpriteRatio:0.1         ; only a maximum of 10% of scattered bokeh]]
[2020.06.02-14.15.34:244][  0]LogConfig: Setting CVar [[r.DOF.Recombine.Quality:1                ; cheap slight out of focus]]
[2020.06.02-14.15.34:244][  0]LogConfig: Setting CVar [[r.DOF.Recombine.EnableBokehSettings:0    ; no bokeh simulation on slight out of focus]]
[2020.06.02-14.15.34:244][  0]LogConfig: Setting CVar [[r.DOF.TemporalAAQuality:1                ; more stable temporal accumulation]]
[2020.06.02-14.15.34:244][  0]LogConfig: Setting CVar [[r.DOF.Kernel.MaxForegroundRadius:0.025]]
[2020.06.02-14.15.34:244][  0]LogConfig: Setting CVar [[r.DOF.Kernel.MaxBackgroundRadius:0.025]]
[2020.06.02-14.15.34:244][  0]LogConfig: Applying CVar settings from Section [TextureQuality@3] File [C:/Users/yonat/Desktop/Udemey Resources/BullCowGame-starter-kit/Saved/Config/Windows/Scalability.ini]
[2020.06.02-14.15.34:244][  0]LogConfig: Setting CVar [[r.Streaming.MipBias:0]]
[2020.06.02-14.15.34:244][  0]LogConfig: Setting CVar [[r.Streaming.AmortizeCPUToGPUCopy:0]]
[2020.06.02-14.15.34:244][  0]LogConfig: Setting CVar [[r.Streaming.MaxNumTexturesToStreamPerFrame:0]]
[2020.06.02-14.15.34:244][  0]LogConfig: Setting CVar [[r.Streaming.Boost:1]]
[2020.06.02-14.15.34:244][  0]LogConfig: Setting CVar [[r.MaxAnisotropy:8]]
[2020.06.02-14.15.34:244][  0]LogConfig: Setting CVar [[r.VT.MaxAnisotropy:8]]
[2020.06.02-14.15.34:244][  0]LogConfig: Setting CVar [[r.Streaming.LimitPoolSizeToVRAM:0]]
[2020.06.02-14.15.34:245][  0]LogConfig: Setting CVar [[r.Streaming.PoolSize:1000]]
[2020.06.02-14.15.34:245][  0]LogConfig: Setting CVar [[r.Streaming.MaxEffectiveScreenSize:0]]
[2020.06.02-14.15.34:245][  0]LogConfig: Applying CVar settings from Section [EffectsQuality@3] File [C:/Users/yonat/Desktop/Udemey Resources/BullCowGame-starter-kit/Saved/Config/Windows/Scalability.ini]
[2020.06.02-14.15.34:245][  0]LogConfig: Setting CVar [[r.TranslucencyLightingVolumeDim:64]]
[2020.06.02-14.15.34:245][  0]LogConfig: Setting CVar [[r.RefractionQuality:2]]
[2020.06.02-14.15.34:245][  0]LogConfig: Setting CVar [[r.SSR.Quality:3]]
[2020.06.02-14.15.34:245][  0]LogConfig: Setting CVar [[r.SSR.HalfResSceneColor:0]]
[2020.06.02-14.15.34:245][  0]LogConfig: Setting CVar [[r.SceneColorFormat:4]]
[2020.06.02-14.15.34:245][  0]LogConfig: Setting CVar [[r.DetailMode:2]]
[2020.06.02-14.15.34:245][  0]LogConfig: Setting CVar [[r.TranslucencyVolumeBlur:1]]
[2020.06.02-14.15.34:245][  0]LogConfig: Setting CVar [[r.MaterialQualityLevel:1 ; High quality]]
[2020.06.02-14.15.34:245][  0]LogConfig: Setting CVar [[r.SSS.Scale:1]]
[2020.06.02-14.15.34:245][  0]LogConfig: Setting CVar [[r.SSS.SampleSet:2]]
[2020.06.02-14.15.34:245][  0]LogConfig: Setting CVar [[r.SSS.Quality:1]]
[2020.06.02-14.15.34:245][  0]LogConfig: Setting CVar [[r.SSS.HalfRes:0]]
[2020.06.02-14.15.34:245][  0]LogConfig: Setting CVar [[r.SSGI.Quality:3]]
[2020.06.02-14.15.34:245][  0]LogConfig: Setting CVar [[r.EmitterSpawnRateScale:1.0]]
[2020.06.02-14.15.34:245][  0]LogConfig: Setting CVar [[r.ParticleLightQuality:2]]
[2020.06.02-14.15.34:245][  0]LogConfig: Setting CVar [[r.SkyAtmosphere.AerialPerspectiveLUT.FastApplyOnOpaque:1 ; Always have FastSkyLUT 1 in this case to avoid wrong sky]]
[2020.06.02-14.15.34:245][  0]LogConfig: Setting CVar [[r.SkyAtmosphere.AerialPerspectiveLUT.SampleCountPerSlice:1]]
[2020.06.02-14.15.34:245][  0]LogConfig: Setting CVar [[r.SkyAtmosphere.AerialPerspectiveLUT.DepthResolution:16.0]]
[2020.06.02-14.15.34:245][  0]LogConfig: Setting CVar [[r.SkyAtmosphere.FastSkyLUT:1]]
[2020.06.02-14.15.34:245][  0]LogConfig: Setting CVar [[r.SkyAtmosphere.FastSkyLUT.SampleCountMin:4.0]]
[2020.06.02-14.15.34:245][  0]LogConfig: Setting CVar [[r.SkyAtmosphere.FastSkyLUT.SampleCountMax:32.0]]
[2020.06.02-14.15.34:245][  0]LogConfig: Setting CVar [[r.SkyAtmosphere.SampleCountMin:4.0]]
[2020.06.02-14.15.34:245][  0]LogConfig: Setting CVar [[r.SkyAtmosphere.SampleCountMax:32.0]]
[2020.06.02-14.15.34:245][  0]LogConfig: Setting CVar [[r.SkyAtmosphere.TransmittanceLUT.UseSmallFormat:0]]
[2020.06.02-14.15.34:245][  0]LogConfig: Setting CVar [[r.SkyAtmosphere.TransmittanceLUT.SampleCount:10.0]]
[2020.06.02-14.15.34:245][  0]LogConfig: Setting CVar [[r.SkyAtmosphere.MultiScatteringLUT.SampleCount:15.0]]
[2020.06.02-14.15.34:245][  0]LogConfig: Applying CVar settings from Section [FoliageQuality@3] File [C:/Users/yonat/Desktop/Udemey Resources/BullCowGame-starter-kit/Saved/Config/Windows/Scalability.ini]
[2020.06.02-14.15.34:245][  0]LogConfig: Setting CVar [[foliage.DensityScale:1.0]]
[2020.06.02-14.15.34:245][  0]LogConfig: Setting CVar [[grass.DensityScale:1.0]]
[2020.06.02-14.15.34:245][  0]LogConfig: Applying CVar settings from Section [ShadingQuality@3] File [C:/Users/yonat/Desktop/Udemey Resources/BullCowGame-starter-kit/Saved/Config/Windows/Scalability.ini]
[2020.06.02-14.15.34:245][  0]LogConfig: Setting CVar [[r.HairStrands.SkyLighting.SampleCount:16]]
[2020.06.02-14.15.34:245][  0]LogConfig: Setting CVar [[r.HairStrands.SkyLighting.JitterIntegration:0]]
[2020.06.02-14.15.34:245][  0]LogConfig: Setting CVar [[r.HairStrands.SkyAO.SampleCount:16]]
[2020.06.02-14.15.34:245][  0]LogConfig: Setting CVar [[r.HairStrands.DeepShadow.SuperSampling:0]]
[2020.06.02-14.15.34:245][  0]LogConfig: Setting CVar [[r.HairStrands.VisibilityPPLL:0]]
[2020.06.02-14.15.34:245][  0]LogConfig: Setting CVar [[r.HairStrands.RasterizationScale:0.5]]
[2020.06.02-14.15.34:245][  0]LogConfig: Setting CVar [[r.HairStrands.VelocityRasterizationScale:1]]
[2020.06.02-14.15.34:245][  0]LogInit: Selected Device Profile: [Windows]
[2020.06.02-14.15.34:245][  0]LogInit: Applying CVar settings loaded from the selected device profile: [Windows]
[2020.06.02-14.15.34:245][  0]LogHAL: Display: Platform has ~ 8 GB [8502808576 / 8589934592 / 8], which maps to Default [LargestMinGB=32, LargerMinGB=12, DefaultMinGB=8, SmallerMinGB=6, SmallestMinGB=0)
[2020.06.02-14.15.34:245][  0]LogInit: Going up to parent DeviceProfile []
[2020.06.02-14.15.34:245][  0]LogConfig: Applying CVar settings from Section [ViewDistanceQuality@3] File [C:/Users/yonat/Desktop/Udemey Resources/BullCowGame-starter-kit/Saved/Config/Windows/Scalability.ini]
[2020.06.02-14.15.34:245][  0]LogConfig: Setting CVar [[r.SkeletalMeshLODBias:0]]
[2020.06.02-14.15.34:245][  0]LogConfig: Setting CVar [[r.ViewDistanceScale:1.0]]
[2020.06.02-14.15.34:246][  0]LogConfig: Applying CVar settings from Section [AntiAliasingQuality@3] File [C:/Users/yonat/Desktop/Udemey Resources/BullCowGame-starter-kit/Saved/Config/Windows/Scalability.ini]
[2020.06.02-14.15.34:246][  0]LogConfig: Setting CVar [[r.PostProcessAAQuality:4]]
[2020.06.02-14.15.34:246][  0]LogConfig: Applying CVar settings from Section [ShadowQuality@3] File [C:/Users/yonat/Desktop/Udemey Resources/BullCowGame-starter-kit/Saved/Config/Windows/Scalability.ini]
[2020.06.02-14.15.34:246][  0]LogConfig: Setting CVar [[r.LightFunctionQuality:1]]
[2020.06.02-14.15.34:246][  0]LogConfig: Setting CVar [[r.ShadowQuality:5]]
[2020.06.02-14.15.34:246][  0]LogConfig: Setting CVar [[r.Shadow.CSM.MaxCascades:10]]
[2020.06.02-14.15.34:246][  0]LogConfig: Setting CVar [[r.Shadow.MaxResolution:2048]]
[2020.06.02-14.15.34:246][  0]LogConfig: Setting CVar [[r.Shadow.MaxCSMResolution:2048]]
[2020.06.02-14.15.34:246][  0]LogConfig: Setting CVar [[r.Shadow.RadiusThreshold:0.01]]
[2020.06.02-14.15.34:246][  0]LogConfig: Setting CVar [[r.Shadow.DistanceScale:1.0]]
[2020.06.02-14.15.34:246][  0]LogConfig: Setting CVar [[r.Shadow.CSM.TransitionScale:1.0]]
[2020.06.02-14.15.34:246][  0]LogConfig: Setting CVar [[r.Shadow.PreShadowResolutionFactor:1.0]]
[2020.06.02-14.15.34:246][  0]LogConfig: Setting CVar [[r.DistanceFieldShadowing:1]]
[2020.06.02-14.15.34:246][  0]LogConfig: Setting CVar [[r.DistanceFieldAO:1]]
[2020.06.02-14.15.34:246][  0]LogConfig: Setting CVar [[r.AOQuality:2]]
[2020.06.02-14.15.34:246][  0]LogConfig: Setting CVar [[r.VolumetricFog:1]]
[2020.06.02-14.15.34:246][  0]LogConfig: Setting CVar [[r.VolumetricFog.GridPixelSize:8]]
[2020.06.02-14.15.34:246][  0]LogConfig: Setting CVar [[r.VolumetricFog.GridSizeZ:128]]
[2020.06.02-14.15.34:246][  0]LogConfig: Setting CVar [[r.VolumetricFog.HistoryMissSupersampleCount:4]]
[2020.06.02-14.15.34:246][  0]LogConfig: Setting CVar [[r.LightMaxDrawDistanceScale:1]]
[2020.06.02-14.15.34:246][  0]LogConfig: Setting CVar [[r.CapsuleShadows:1]]
[2020.06.02-14.15.34:246][  0]LogConfig: Applying CVar settings from Section [PostProcessQuality@3] File [C:/Users/yonat/Desktop/Udemey Resources/BullCowGame-starter-kit/Saved/Config/Windows/Scalability.ini]
[2020.06.02-14.15.34:246][  0]LogConfig: Setting CVar [[r.MotionBlurQuality:4]]
[2020.06.02-14.15.34:246][  0]LogConfig: Setting CVar [[r.AmbientOcclusionMipLevelFactor:0.4]]
[2020.06.02-14.15.34:246][  0]LogConfig: Setting CVar [[r.AmbientOcclusionMaxQuality:100]]
[2020.06.02-14.15.34:246][  0]LogConfig: Setting CVar [[r.AmbientOcclusionLevels:-1]]
[2020.06.02-14.15.34:246][  0]LogConfig: Setting CVar [[r.AmbientOcclusionRadiusScale:1.0]]
[2020.06.02-14.15.34:246][  0]LogConfig: Setting CVar [[r.DepthOfFieldQuality:2]]
[2020.06.02-14.15.34:246][  0]LogConfig: Setting CVar [[r.RenderTargetPoolMin:400]]
[2020.06.02-14.15.34:246][  0]LogConfig: Setting CVar [[r.LensFlareQuality:2]]
[2020.06.02-14.15.34:246][  0]LogConfig: Setting CVar [[r.SceneColorFringeQuality:1]]
[2020.06.02-14.15.34:246][  0]LogConfig: Setting CVar [[r.EyeAdaptationQuality:2]]
[2020.06.02-14.15.34:246][  0]LogConfig: Setting CVar [[r.BloomQuality:5]]
[2020.06.02-14.15.34:246][  0]LogConfig: Setting CVar [[r.FastBlurThreshold:100]]
[2020.06.02-14.15.34:246][  0]LogConfig: Setting CVar [[r.Upscale.Quality:3]]
[2020.06.02-14.15.34:246][  0]LogConfig: Setting CVar [[r.Tonemapper.GrainQuantization:1]]
[2020.06.02-14.15.34:246][  0]LogConfig: Setting CVar [[r.LightShaftQuality:1]]
[2020.06.02-14.15.34:246][  0]LogConfig: Setting CVar [[r.Filter.SizeScale:1]]
[2020.06.02-14.15.34:246][  0]LogConfig: Setting CVar [[r.Tonemapper.Quality:5]]
[2020.06.02-14.15.34:246][  0]LogConfig: Setting CVar [[r.DOF.Gather.AccumulatorQuality:1        ; higher gathering accumulator quality]]
[2020.06.02-14.15.34:246][  0]LogConfig: Setting CVar [[r.DOF.Gather.PostfilterMethod:1          ; Median3x3 postfilering method]]
[2020.06.02-14.15.34:246][  0]LogConfig: Setting CVar [[r.DOF.Gather.EnableBokehSettings:0       ; no bokeh simulation when gathering]]
[2020.06.02-14.15.34:246][  0]LogConfig: Setting CVar [[r.DOF.Gather.RingCount:4                 ; medium number of samples when gathering]]
[2020.06.02-14.15.34:246][  0]LogConfig: Setting CVar [[r.DOF.Scatter.ForegroundCompositing:1    ; additive foreground scattering]]
[2020.06.02-14.15.34:246][  0]LogConfig: Setting CVar [[r.DOF.Scatter.BackgroundCompositing:2    ; additive background scattering]]
[2020.06.02-14.15.34:246][  0]LogConfig: Setting CVar [[r.DOF.Scatter.EnableBokehSettings:1      ; bokeh simulation when scattering]]
[2020.06.02-14.15.34:246][  0]LogConfig: Setting CVar [[r.DOF.Scatter.MaxSpriteRatio:0.1         ; only a maximum of 10% of scattered bokeh]]
[2020.06.02-14.15.34:246][  0]LogConfig: Setting CVar [[r.DOF.Recombine.Quality:1                ; cheap slight out of focus]]
[2020.06.02-14.15.34:246][  0]LogConfig: Setting CVar [[r.DOF.Recombine.EnableBokehSettings:0    ; no bokeh simulation on slight out of focus]]
[2020.06.02-14.15.34:246][  0]LogConfig: Setting CVar [[r.DOF.TemporalAAQuality:1                ; more stable temporal accumulation]]
[2020.06.02-14.15.34:246][  0]LogConfig: Setting CVar [[r.DOF.Kernel.MaxForegroundRadius:0.025]]
[2020.06.02-14.15.34:246][  0]LogConfig: Setting CVar [[r.DOF.Kernel.MaxBackgroundRadius:0.025]]
[2020.06.02-14.15.34:246][  0]LogConfig: Applying CVar settings from Section [TextureQuality@3] File [C:/Users/yonat/Desktop/Udemey Resources/BullCowGame-starter-kit/Saved/Config/Windows/Scalability.ini]
[2020.06.02-14.15.34:246][  0]LogConfig: Setting CVar [[r.Streaming.MipBias:0]]
[2020.06.02-14.15.34:246][  0]LogConfig: Setting CVar [[r.Streaming.AmortizeCPUToGPUCopy:0]]
[2020.06.02-14.15.34:246][  0]LogConfig: Setting CVar [[r.Streaming.MaxNumTexturesToStreamPerFrame:0]]
[2020.06.02-14.15.34:247][  0]LogConfig: Setting CVar [[r.Streaming.Boost:1]]
[2020.06.02-14.15.34:247][  0]LogConfig: Setting CVar [[r.MaxAnisotropy:8]]
[2020.06.02-14.15.34:247][  0]LogConfig: Setting CVar [[r.VT.MaxAnisotropy:8]]
[2020.06.02-14.15.34:247][  0]LogConfig: Setting CVar [[r.Streaming.LimitPoolSizeToVRAM:0]]
[2020.06.02-14.15.34:247][  0]LogConfig: Setting CVar [[r.Streaming.PoolSize:1000]]
[2020.06.02-14.15.34:247][  0]LogConfig: Setting CVar [[r.Streaming.MaxEffectiveScreenSize:0]]
[2020.06.02-14.15.34:247][  0]LogConfig: Applying CVar settings from Section [EffectsQuality@3] File [C:/Users/yonat/Desktop/Udemey Resources/BullCowGame-starter-kit/Saved/Config/Windows/Scalability.ini]
[2020.06.02-14.15.34:247][  0]LogConfig: Setting CVar [[r.TranslucencyLightingVolumeDim:64]]
[2020.06.02-14.15.34:247][  0]LogConfig: Setting CVar [[r.RefractionQuality:2]]
[2020.06.02-14.15.34:247][  0]LogConfig: Setting CVar [[r.SSR.Quality:3]]
[2020.06.02-14.15.34:247][  0]LogConfig: Setting CVar [[r.SSR.HalfResSceneColor:0]]
[2020.06.02-14.15.34:247][  0]LogConfig: Setting CVar [[r.SceneColorFormat:4]]
[2020.06.02-14.15.34:247][  0]LogConfig: Setting CVar [[r.DetailMode:2]]
[2020.06.02-14.15.34:247][  0]LogConfig: Setting CVar [[r.TranslucencyVolumeBlur:1]]
[2020.06.02-14.15.34:247][  0]LogConfig: Setting CVar [[r.MaterialQualityLevel:1 ; High quality]]
[2020.06.02-14.15.34:247][  0]LogConfig: Setting CVar [[r.SSS.Scale:1]]
[2020.06.02-14.15.34:247][  0]LogConfig: Setting CVar [[r.SSS.SampleSet:2]]
[2020.06.02-14.15.34:247][  0]LogConfig: Setting CVar [[r.SSS.Quality:1]]
[2020.06.02-14.15.34:247][  0]LogConfig: Setting CVar [[r.SSS.HalfRes:0]]
[2020.06.02-14.15.34:247][  0]LogConfig: Setting CVar [[r.SSGI.Quality:3]]
[2020.06.02-14.15.34:247][  0]LogConfig: Setting CVar [[r.EmitterSpawnRateScale:1.0]]
[2020.06.02-14.15.34:247][  0]LogConfig: Setting CVar [[r.ParticleLightQuality:2]]
[2020.06.02-14.15.34:247][  0]LogConfig: Setting CVar [[r.SkyAtmosphere.AerialPerspectiveLUT.FastApplyOnOpaque:1 ; Always have FastSkyLUT 1 in this case to avoid wrong sky]]
[2020.06.02-14.15.34:247][  0]LogConfig: Setting CVar [[r.SkyAtmosphere.AerialPerspectiveLUT.SampleCountPerSlice:1]]
[2020.06.02-14.15.34:247][  0]LogConfig: Setting CVar [[r.SkyAtmosphere.AerialPerspectiveLUT.DepthResolution:16.0]]
[2020.06.02-14.15.34:247][  0]LogConfig: Setting CVar [[r.SkyAtmosphere.FastSkyLUT:1]]
[2020.06.02-14.15.34:247][  0]LogConfig: Setting CVar [[r.SkyAtmosphere.FastSkyLUT.SampleCountMin:4.0]]
[2020.06.02-14.15.34:247][  0]LogConfig: Setting CVar [[r.SkyAtmosphere.FastSkyLUT.SampleCountMax:32.0]]
[2020.06.02-14.15.34:247][  0]LogConfig: Setting CVar [[r.SkyAtmosphere.SampleCountMin:4.0]]
[2020.06.02-14.15.34:247][  0]LogConfig: Setting CVar [[r.SkyAtmosphere.SampleCountMax:32.0]]
[2020.06.02-14.15.34:247][  0]LogConfig: Setting CVar [[r.SkyAtmosphere.TransmittanceLUT.UseSmallFormat:0]]
[2020.06.02-14.15.34:247][  0]LogConfig: Setting CVar [[r.SkyAtmosphere.TransmittanceLUT.SampleCount:10.0]]
[2020.06.02-14.15.34:247][  0]LogConfig: Setting CVar [[r.SkyAtmosphere.MultiScatteringLUT.SampleCount:15.0]]
[2020.06.02-14.15.34:247][  0]LogConfig: Applying CVar settings from Section [FoliageQuality@3] File [C:/Users/yonat/Desktop/Udemey Resources/BullCowGame-starter-kit/Saved/Config/Windows/Scalability.ini]
[2020.06.02-14.15.34:247][  0]LogConfig: Setting CVar [[foliage.DensityScale:1.0]]
[2020.06.02-14.15.34:247][  0]LogConfig: Setting CVar [[grass.DensityScale:1.0]]
[2020.06.02-14.15.34:247][  0]LogConfig: Applying CVar settings from Section [ShadingQuality@3] File [C:/Users/yonat/Desktop/Udemey Resources/BullCowGame-starter-kit/Saved/Config/Windows/Scalability.ini]
[2020.06.02-14.15.34:247][  0]LogConfig: Setting CVar [[r.HairStrands.SkyLighting.SampleCount:16]]
[2020.06.02-14.15.34:247][  0]LogConfig: Setting CVar [[r.HairStrands.SkyLighting.JitterIntegration:0]]
[2020.06.02-14.15.34:247][  0]LogConfig: Setting CVar [[r.HairStrands.SkyAO.SampleCount:16]]
[2020.06.02-14.15.34:247][  0]LogConfig: Setting CVar [[r.HairStrands.DeepShadow.SuperSampling:0]]
[2020.06.02-14.15.34:247][  0]LogConfig: Setting CVar [[r.HairStrands.VisibilityPPLL:0]]
[2020.06.02-14.15.34:247][  0]LogConfig: Setting CVar [[r.HairStrands.RasterizationScale:0.5]]
[2020.06.02-14.15.34:247][  0]LogConfig: Setting CVar [[r.HairStrands.VelocityRasterizationScale:1]]
[2020.06.02-14.15.34:247][  0]LogConfig: Applying CVar settings from Section [Startup] File [../../../Engine/Config/ConsoleVariables.ini]
[2020.06.02-14.15.34:248][  0]LogConfig: Setting CVar [[net.UseAdaptiveNetUpdateFrequency:0]]
[2020.06.02-14.15.34:248][  0]LogConfig: Setting CVar [[p.chaos.AllowCreatePhysxBodies:1]]
[2020.06.02-14.15.34:248][  0]LogConfig: Setting CVar [[fx.SkipVectorVMBackendOptimizations:1]]
[2020.06.02-14.15.34:248][  0]LogConfig: Applying CVar settings from Section [ConsoleVariables] File [C:/Users/yonat/Desktop/Udemey Resources/BullCowGame-starter-kit/Saved/Config/Windows/Engine.ini]
[2020.06.02-14.15.34:248][  0]LogInit: Computer: LAPTOP-JMFJ38TT
[2020.06.02-14.15.34:248][  0]LogInit: User: yonat
[2020.06.02-14.15.34:248][  0]LogInit: CPU Page size=4096, Cores=4
[2020.06.02-14.15.34:248][  0]LogInit: High frequency timer resolution =10.000000 MHz
[2020.06.02-14.15.34:248][  0]LogMemory: Memory total: Physical=7.9GB (8GB approx)
[2020.06.02-14.15.34:248][  0]LogMemory: Platform Memory Stats for Windows
[2020.06.02-14.15.34:248][  0]LogMemory: Process Physical Memory: 114.92 MB used, 114.92 MB peak
[2020.06.02-14.15.34:248][  0]LogMemory: Process Virtual Memory: 104.63 MB used, 104.63 MB peak
[2020.06.02-14.15.34:248][  0]LogMemory: Physical Memory: 5258.95 MB used,  2849.96 MB free, 8108.91 MB total
[2020.06.02-14.15.34:248][  0]LogMemory: Virtual Memory: 5152.34 MB used,  134212576.00 MB free, 134217728.00 MB total
[2020.06.02-14.15.34:255][  0]LogWindows: WindowsPlatformFeatures enabled
[2020.06.02-14.15.34:303][  0]LogInit: Physics initialised using underlying interface: PhysX
[2020.06.02-14.15.34:307][  0]LogInit: Using OS detected language (en-US).
[2020.06.02-14.15.34:308][  0]LogInit: Using OS detected locale (en-IL).
[2020.06.02-14.15.34:316][  0]LogTextLocalizationManager: No specific localization for 'en-US' exists, so the 'en' localization will be used.
[2020.06.02-14.15.34:654][  0]LogInit: Setting process to per monitor DPI aware
[2020.06.02-14.15.34:732][  0]LogSlate: New Slate User Created.  User Index 0, Is Virtual User: 0
[2020.06.02-14.15.34:732][  0]LogSlate: Slate User Registered.  User Index 0, Is Virtual User: 0
[2020.06.02-14.15.35:082][  0]LogHMD: Failed to initialize OpenVR with code 110
[2020.06.02-14.15.35:082][  0]LogD3D11RHI: D3D11 min allowed feature level: 11_0
[2020.06.02-14.15.35:082][  0]LogD3D11RHI: D3D11 max allowed feature level: 11_0
[2020.06.02-14.15.35:082][  0]LogD3D11RHI: D3D11 adapters:
[2020.06.02-14.15.35:503][  0]LogD3D11RHI:    0. 'NVIDIA GeForce 940MX' (Feature Level 11_0)
[2020.06.02-14.15.35:503][  0]LogD3D11RHI:       2010/0/4054 MB DedicatedVideo/DedicatedSystem/SharedSystem, Outputs:2, VendorId:0x10de
[2020.06.02-14.15.35:516][  0]LogD3D11RHI:    1. 'Intel(R) UHD Graphics 620' (Feature Level 11_0)
[2020.06.02-14.15.35:516][  0]LogD3D11RHI:       128/0/4054 MB DedicatedVideo/DedicatedSystem/SharedSystem, Outputs:0, VendorId:0x8086
[2020.06.02-14.15.35:519][  0]LogD3D11RHI:    2. 'Microsoft Basic Render Driver' (Feature Level 11_0)
[2020.06.02-14.15.35:519][  0]LogD3D11RHI:       0/0/4054 MB DedicatedVideo/DedicatedSystem/SharedSystem, Outputs:0, VendorId:0x1414
[2020.06.02-14.15.35:519][  0]LogD3D11RHI: Chosen D3D11 Adapter: 0
[2020.06.02-14.15.35:563][  0]LogD3D11RHI: Creating new Direct3DDevice
[2020.06.02-14.15.35:563][  0]LogD3D11RHI:     GPU DeviceId: 0x134d (for the marketing name, search the web for "GPU Device Id")
[2020.06.02-14.15.35:563][  0]LogWindows: EnumDisplayDevices:
[2020.06.02-14.15.35:564][  0]LogWindows:    0. 'Intel(R) UHD Graphics 620' (P:1 D:1)
[2020.06.02-14.15.35:564][  0]LogWindows:    1. 'Intel(R) UHD Graphics 620' (P:0 D:1)
[2020.06.02-14.15.35:564][  0]LogWindows:    2. 'Intel(R) UHD Graphics 620' (P:0 D:0)
[2020.06.02-14.15.35:564][  0]LogWindows: DebugString: PrimaryIsNotTheChoosenAdapter PrimaryIsNotTheChoosenAdapter PrimaryIsNotTheChoosenAdapter FoundDriverCount:0 
[2020.06.02-14.15.35:564][  0]LogD3D11RHI:     Adapter Name: NVIDIA GeForce 940MX
[2020.06.02-14.15.35:564][  0]LogD3D11RHI:   Driver Version: Unknown (internal:Unknown, unified:Unknown)
[2020.06.02-14.15.35:564][  0]LogD3D11RHI:      Driver Date: Unknown
[2020.06.02-14.15.35:564][  0]LogRHI: Texture pool is 1407 MB (70% of 2010 MB)
[2020.06.02-14.15.35:620][  0]LogD3D11RHI: RHI has support for 64 bit atomics
[2020.06.02-14.15.35:623][  0]LogD3D11RHI: [Aftermath] Enabled and primed
[2020.06.02-14.15.35:623][  0]LogD3D11RHI: Async texture creation enabled
[2020.06.02-14.15.35:647][  0]LogD3D11RHI: GPU Timing Frequency: 1000.000000 (Debug: 2 2)
[2020.06.02-14.15.36:036][  0]LogTargetPlatformManager: Display: Loaded TargetPlatform 'AllDesktop'
[2020.06.02-14.15.36:066][  0]LogTargetPlatformManager: Display: Loaded TargetPlatform 'Android'
[2020.06.02-14.15.36:066][  0]LogTargetPlatformManager: Display: Loaded TargetPlatform 'Android_ASTC'
[2020.06.02-14.15.36:066][  0]LogTargetPlatformManager: Display: Loaded TargetPlatform 'Android_DXT'
[2020.06.02-14.15.36:066][  0]LogTargetPlatformManager: Display: Loaded TargetPlatform 'Android_ETC2'
[2020.06.02-14.15.36:066][  0]LogTargetPlatformManager: Display: Loaded TargetPlatform 'AndroidClient'
[2020.06.02-14.15.36:066][  0]LogTargetPlatformManager: Display: Loaded TargetPlatform 'Android_ASTCClient'
[2020.06.02-14.15.36:066][  0]LogTargetPlatformManager: Display: Loaded TargetPlatform 'Android_DXTClient'
[2020.06.02-14.15.36:066][  0]LogTargetPlatformManager: Display: Loaded TargetPlatform 'Android_ETC2Client'
[2020.06.02-14.15.36:066][  0]LogTargetPlatformManager: Display: Loaded TargetPlatform 'Android_Multi'
[2020.06.02-14.15.36:066][  0]LogTargetPlatformManager: Display: Loaded TargetPlatform 'Android_MultiClient'
[2020.06.02-14.15.36:098][  0]LogTargetPlatformManager: Display: Loaded TargetPlatform 'IOSClient'
[2020.06.02-14.15.36:098][  0]LogTargetPlatformManager: Display: Loaded TargetPlatform 'IOS'
[2020.06.02-14.15.36:111][  0]LogTargetPlatformManager: Display: Loaded TargetPlatform 'Linux'
[2020.06.02-14.15.36:123][  0]LogTargetPlatformManager: Display: Loaded TargetPlatform 'LinuxNoEditor'
[2020.06.02-14.15.36:138][  0]LogTargetPlatformManager: Display: Loaded TargetPlatform 'LinuxClient'
[2020.06.02-14.15.36:156][  0]LogTargetPlatformManager: Display: Loaded TargetPlatform 'LinuxServer'
[2020.06.02-14.15.36:169][  0]LogTargetPlatformManager: Display: Loaded TargetPlatform 'LinuxAArch64NoEditor'
[2020.06.02-14.15.36:181][  0]LogTargetPlatformManager: Display: Loaded TargetPlatform 'LinuxAArch64Client'
[2020.06.02-14.15.36:192][  0]LogTargetPlatformManager: Display: Loaded TargetPlatform 'LinuxAArch64Server'
[2020.06.02-14.15.36:227][  0]LogTargetPlatformManager: Display: Loaded TargetPlatform 'Lumin'
[2020.06.02-14.15.36:227][  0]LogTargetPlatformManager: Display: Loaded TargetPlatform 'LuminClient'
[2020.06.02-14.15.36:248][  0]LogTargetPlatformManager: Display: Loaded TargetPlatform 'TVOSClient'
[2020.06.02-14.15.36:248][  0]LogTargetPlatformManager: Display: Loaded TargetPlatform 'TVOS'
[2020.06.02-14.15.36:259][  0]LogTargetPlatformManager: Display: Loaded TargetPlatform 'WindowsNoEditor'
[2020.06.02-14.15.36:271][  0]LogTargetPlatformManager: Display: Loaded TargetPlatform 'Windows'
[2020.06.02-14.15.36:283][  0]LogTargetPlatformManager: Display: Loaded TargetPlatform 'WindowsClient'
[2020.06.02-14.15.36:295][  0]LogTargetPlatformManager: Display: Loaded TargetPlatform 'WindowsServer'
[2020.06.02-14.15.36:295][  0]LogTargetPlatformManager: Display: Building Assets For Windows
[2020.06.02-14.15.36:304][  0]LogAudioDebug: Display: Lib vorbis DLL was dynamically loaded.
[2020.06.02-14.15.36:372][  0]LogShaderCompilers: Guid format shader working directory is -33 characters bigger than the processId version (../../../../../../Users/yonat/Desktop/Udemey Resources/BullCowGame-starter-kit/Intermediate/Shaders/WorkingDirectory/10512/).
[2020.06.02-14.15.36:373][  0]LogShaderCompilers: Cleaned the shader compiler working directory 'C:/Users/yonat/AppData/Local/Temp/UnrealShaderWorkingDir/227EA4494272BEF737653999C10274E0/'.
[2020.06.02-14.15.36:373][  0]LogXGEController: Cleaning working directory: C:/Users/yonat/AppData/Local/Temp/UnrealXGEWorkingDir/
[2020.06.02-14.15.36:373][  0]LogXGEController: Cannot use XGE Controller as Incredibuild is not installed on this machine.
[2020.06.02-14.15.36:374][  0]LogShaderCompilers: Cannot use XGE Shader Compiler as Incredibuild is not installed on this machine.
[2020.06.02-14.15.36:374][  0]LogShaderCompilers: Display: Using Local Shader Compiler.
[2020.06.02-14.15.37:414][  0]LogDerivedDataCache: Display: Max Cache Size: 512 MB
[2020.06.02-14.15.37:509][  0]LogDerivedDataCache: Loaded boot cache 0.10s 104MB C:/Users/yonat/AppData/Local/UnrealEngine/4.25/DerivedDataCache/Boot.ddc.
[2020.06.02-14.15.37:509][  0]LogDerivedDataCache: Display: Loaded Boot cache: C:/Users/yonat/AppData/Local/UnrealEngine/4.25/DerivedDataCache/Boot.ddc
[2020.06.02-14.15.37:509][  0]LogDerivedDataCache: FDerivedDataBackendGraph:  Pak pak cache file ../../../../../../Users/yonat/Desktop/Udemey Resources/BullCowGame-starter-kit/DerivedDataCache/DDC.ddp not found, will not use a pak cache.
[2020.06.02-14.15.37:509][  0]LogDerivedDataCache: Unable to find inner node Pak for hierarchical cache Hierarchy.
[2020.06.02-14.15.37:509][  0]LogDerivedDataCache: FDerivedDataBackendGraph:  CompressedPak pak cache file ../../../../../../Users/yonat/Desktop/Udemey Resources/BullCowGame-starter-kit/DerivedDataCache/Compressed.ddp not found, will not use a pak cache.
[2020.06.02-14.15.37:509][  0]LogDerivedDataCache: Unable to find inner node CompressedPak for hierarchical cache Hierarchy.
[2020.06.02-14.15.37:522][  0]LogDerivedDataCache: Display: Pak cache opened for reading ../../../Engine/DerivedDataCache/Compressed.ddp.
[2020.06.02-14.15.37:523][  0]LogDerivedDataCache: FDerivedDataBackendGraph:  EnterprisePak pak cache file ../../../Enterprise/DerivedDataCache/Compressed.ddp not found, will not use a pak cache.
[2020.06.02-14.15.37:523][  0]LogDerivedDataCache: Unable to find inner node EnterprisePak for hierarchical cache Hierarchy.
[2020.06.02-14.15.37:524][  0]LogDerivedDataCache: Using Local data cache path C:/Users/yonat/AppData/Local/UnrealEngine/Common/DerivedDataCache: Writable
[2020.06.02-14.15.37:524][  0]LogDerivedDataCache: Shared data cache path not found in *engine.ini, will not use an Shared cache.
[2020.06.02-14.15.37:524][  0]LogDerivedDataCache: Unable to find inner node Shared for hierarchical cache Hierarchy.
[2020.06.02-14.15.37:603][  0]LogSlate: Using FreeType 2.10.0
[2020.06.02-14.15.37:604][  0]LogSlate: SlateFontServices - WITH_FREETYPE: 1, WITH_HARFBUZZ: 1
[2020.06.02-14.15.37:636][  0]LogAssetRegistry: FAssetRegistry took 0.0031 seconds to start up
[2020.06.02-14.15.37:967][  0]LogInit: Selected Device Profile: [Windows]
[2020.06.02-14.15.38:139][  0]LogMeshReduction: Using QuadricMeshReduction for automatic static mesh reduction
[2020.06.02-14.15.38:139][  0]LogMeshReduction: Using SimplygonMeshReduction for automatic skeletal mesh reduction
[2020.06.02-14.15.38:139][  0]LogMeshReduction: Using ProxyLODMeshReduction for automatic mesh merging
[2020.06.02-14.15.38:139][  0]LogMeshReduction: No distributed automatic mesh merging module available
[2020.06.02-14.15.38:139][  0]LogMeshMerging: No distributed automatic mesh merging module available
[2020.06.02-14.15.38:160][  0]LogNetVersion: BullCowGame 1.0.0, NetCL: 13144385, EngineNetVer: 14, GameNetVer: 0 (Checksum: 3293675825)
[2020.06.02-14.15.38:750][  0]LogAISub: UAISubsystem::UAISubsystem AISubsystem (000001571EC62240), frame # 0
[2020.06.02-14.15.38:750][  0]LogAISub: UAISubsystem::UAISubsystem AIPerceptionSystem (000001571EC087C0), frame # 0
[2020.06.02-14.15.38:752][  0]LogAISub: UAISubsystem::UAISubsystem EnvQueryManager (000001571EC1E000), frame # 0
[2020.06.02-14.15.38:838][  0]LogPackageLocalizationCache: Processed 19 localized package path(s) for 1 prioritized culture(s) in 0.078069 seconds
[2020.06.02-14.15.38:844][  0]LogUObjectArray: 15917 objects as part of root set at end of initial load.
[2020.06.02-14.15.38:844][  0]LogUObjectAllocator: 3965568 out of 0 bytes used by permanent object pool.
[2020.06.02-14.15.38:844][  0]LogUObjectArray: CloseDisregardForGC: 0/0 objects in disregard for GC pool
[2020.06.02-14.15.39:281][  0]LogTcpMessaging: Initializing TcpMessaging bridge
[2020.06.02-14.15.39:286][  0]LogUdpMessaging: Initializing bridge on interface 0.0.0.0:0 to multicast group 230.0.0.1:6666.
[2020.06.02-14.15.39:377][  0]SourceControl: Source control is disabled
[2020.06.02-14.15.39:377][  0]SourceControl: Source control is disabled
[2020.06.02-14.15.39:381][  0]SourceControl: Source control is disabled
[2020.06.02-14.15.39:385][  0]SourceControl: Source control is disabled
[2020.06.02-14.15.39:394][  0]SourceControl: Source control is disabled
[2020.06.02-14.15.39:686][  0]LogAndroidPermission: UAndroidPermissionCallbackProxy::GetInstance
[2020.06.02-14.15.39:714][  0]LogAudioCaptureCore: Display: No Audio Capture implementations found. Audio input will be silent.
[2020.06.02-14.15.39:714][  0]LogAudioCaptureCore: Display: No Audio Capture implementations found. Audio input will be silent.
[2020.06.02-14.15.39:777][  0]LogOcInput: OculusInput pre-init called
[2020.06.02-14.15.39:790][  0]LogWindows: Failed to load 'OVRPlugin.dll' (GetLastError=126)
[2020.06.02-14.15.39:790][  0]LogWindows: File 'OVRPlugin.dll' does not exist
[2020.06.02-14.15.39:867][  0]LogEngine: Initializing Engine...
[2020.06.02-14.15.39:868][  0]LogHMD: Failed to initialize OpenVR with code 110
[2020.06.02-14.15.39:868][  0]LogMagicLeap: Warning: VR disabled because ZI is not enabled.  To enable, in the editor, Edit -> Project Settings -> Plugins -> Magic Leap Plugin -> Enable Zero Iteration
[2020.06.02-14.15.39:869][  0]LogStats: UGameplayTagsManager::InitializeManager -  0.000 s
[2020.06.02-14.15.40:048][  0]LogInit: Initializing FReadOnlyCVARCache
[2020.06.02-14.15.40:057][  0]LogAIModule: Creating AISystem for world Untitled
[2020.06.02-14.15.40:057][  0]LogAISub: UAISubsystem::UAISubsystem EnvQueryManager (000001572480BC00), frame # 0
[2020.06.02-14.15.40:057][  0]LogAISub: UAISubsystem::UAISubsystem AIPerceptionSystem (0000015724861A80), frame # 0
[2020.06.02-14.15.40:079][  0]LogAudioMixer: Display: Audio Mixer Platform Settings:
[2020.06.02-14.15.40:079][  0]LogAudioMixer: Display: 	Sample Rate:						  48000
[2020.06.02-14.15.40:079][  0]LogAudioMixer: Display: 	Callback Buffer Frame Size Requested: 1024
[2020.06.02-14.15.40:079][  0]LogAudioMixer: Display: 	Callback Buffer Frame Size To Use:	  1024
[2020.06.02-14.15.40:079][  0]LogAudioMixer: Display: 	Number of buffers to queue:			  2
[2020.06.02-14.15.40:079][  0]LogAudioMixer: Display: 	Max Channels (voices):				  32
[2020.06.02-14.15.40:079][  0]LogAudioMixer: Display: 	Number of Async Source Workers:		  0
[2020.06.02-14.15.40:079][  0]LogAudio: Display: AudioDevice MaxSources: 32
[2020.06.02-14.15.40:080][  0]LogAudio: Display: Using built-in audio occlusion.
[2020.06.02-14.15.40:080][  0]LogAudioMixer: Display: Initializing audio mixer.
[2020.06.02-14.15.40:098][  0]LogAudioMixer: Display: 0: FrontLeft
[2020.06.02-14.15.40:098][  0]LogAudioMixer: Display: 1: FrontRight
[2020.06.02-14.15.40:146][  0]LogAudioMixer: Display: Using Audio Device Speaker/Headphone (Realtek High Definition Audio)
[2020.06.02-14.15.40:155][  0]LogAudioMixer: Display: Initializing Sound Submixes...
[2020.06.02-14.15.40:158][  0]LogAudioMixer: Display: Creating Master Submix 'MasterSubmixDefault'
[2020.06.02-14.15.40:158][  0]LogAudioMixer: Display: Creating Master Submix 'MasterReverbSubmixDefault'
[2020.06.02-14.15.40:159][  0]LogAudioMixer: Display: Creating Master Submix 'MasterEQSubmixDefault'
[2020.06.02-14.15.40:160][  0]LogInit: FAudioDevice initialized.
[2020.06.02-14.15.40:161][  0]LogNetVersion: Set ProjectVersion to 1.0.0.0. Version Checksum will be recalculated on next use.
[2020.06.02-14.15.40:266][  0]LogDerivedDataCache: Saved boot cache 0.11s 104MB C:/Users/yonat/AppData/Local/UnrealEngine/4.25/DerivedDataCache/Boot.ddc.
[2020.06.02-14.15.40:273][  0]LogInit: Texture streaming: Enabled
[2020.06.02-14.15.40:297][  0]LogEngineSessionManager: EngineSessionManager initialized
[2020.06.02-14.15.40:297][  0]LogEngineSessionManager: EngineSessionManager sent abnormal shutdown report. Type=Crashed, SessionId={6F7809A2-45BE-E61C-1298-B3B7C5543CAD}
[2020.06.02-14.15.40:297][  0]LogEditorSessionSummary: Verbose: Initializing EditorSessionSummaryWriter for editor session tracking
[2020.06.02-14.15.40:299][  0]LogEditorSessionSummary: EditorSessionSummaryWriter initialized
[2020.06.02-14.15.40:402][  0]LogInit: Transaction tracking system initialized
[2020.06.02-14.15.40:429][  0]BlueprintLog: New page: Editor Load
[2020.06.02-14.15.40:521][  0]LocalizationService: Localization service is disabled
[2020.06.02-14.15.40:768][  0]LogCook: Display: Max memory allowance for cook 16384mb min free memory 0mb
[2020.06.02-14.15.40:768][  0]LogCook: Display: Mobile HDR setting 1
[2020.06.02-14.15.40:974][  0]LogFileCache: Scanning file cache for directory 'C:/Users/yonat/Desktop/Udemey Resources/BullCowGame-starter-kit/Content/' took 0.00s
[2020.06.02-14.15.41:294][  0]SourceControl: Source control is disabled
[2020.06.02-14.15.41:294][  0]LogUnrealEdMisc: Loading editor; pre map load, took 9.302
[2020.06.02-14.15.41:294][  0]Cmd: MAP LOAD FILE="../../../../../../Users/yonat/Desktop/Udemey Resources/BullCowGame-starter-kit/Content/Levels/Level1.umap" TEMPLATE=0 SHOWPROGRESS=1 FEATURELEVEL=3
[2020.06.02-14.15.41:295][  0]LightingResults: New page: Lighting Build
[2020.06.02-14.15.41:296][  0]LogWorld: UWorld::CleanupWorld for Untitled, bSessionEnded=true, bCleanupResources=true
[2020.06.02-14.15.41:296][  0]LogSlate: InvalidateAllWidgets triggered.  All widgets were invalidated
[2020.06.02-14.15.41:296][  0]MapCheck: New page: Map Check
[2020.06.02-14.15.41:296][  0]LightingResults: New page: Lighting Build
[2020.06.02-14.15.41:309][  0]LogAISub: UAISubsystem::~UAISubsystem EnvQueryManager (000001572480BC00), frame # 0
[2020.06.02-14.15.41:309][  0]LogAISub: UAISubsystem::~UAISubsystem AIPerceptionSystem (0000015724861A80), frame # 0
[2020.06.02-14.15.41:310][  0]LogUObjectHash: Compacting FUObjectHashTables data took   0.93ms
[2020.06.02-14.15.41:665][  0]LogAIModule: Creating AISystem for world Level1
[2020.06.02-14.15.41:665][  0]LogAISub: UAISubsystem::UAISubsystem EnvQueryManager (00000157106F5C00), frame # 0
[2020.06.02-14.15.41:665][  0]LogAISub: UAISubsystem::UAISubsystem AIPerceptionSystem (00000157106FE0C0), frame # 0
[2020.06.02-14.15.41:694][  0]LogEditorServer: Finished looking for orphan Actors (0.000 secs)
[2020.06.02-14.15.41:714][  0]LogUObjectHash: Compacting FUObjectHashTables data took   1.14ms
[2020.06.02-14.15.41:715][  0]Cmd: MAP CHECKDEP NOCLEARLOG
[2020.06.02-14.15.41:715][  0]MapCheck: Map check complete: 0 Error(s), 0 Warning(s), took 0.217ms to complete.
[2020.06.02-14.15.41:715][  0]LogFileHelpers: Loading map 'Level1' took 0.422
[2020.06.02-14.15.41:718][  0]LogUnrealEdMisc: Total Editor Startup Time, took 9.727
[2020.06.02-14.15.41:885][  0]LogSlate: Updating window title bar state: overlay mode, drag disabled, window buttons hidden, title bar hidden
[2020.06.02-14.15.41:897][  0]LogSlate: Updating window title bar state: overlay mode, drag disabled, window buttons hidden, title bar hidden
[2020.06.02-14.15.41:907][  0]LogSlate: Updating window title bar state: overlay mode, drag disabled, window buttons hidden, title bar hidden
[2020.06.02-14.15.41:917][  0]LogSlate: Updating window title bar state: overlay mode, drag disabled, window buttons hidden, title bar hidden
[2020.06.02-14.15.41:928][  0]LogCollectionManager: Loaded 0 collections in 0.002442 seconds
[2020.06.02-14.15.41:948][  0]LogFileCache: Scanning file cache for directory 'C:/Users/yonat/Desktop/Udemey Resources/BullCowGame-starter-kit/Saved/Collections/' took 0.00s
[2020.06.02-14.15.41:948][  0]LogFileCache: Scanning file cache for directory 'C:/Users/yonat/Desktop/Udemey Resources/BullCowGame-starter-kit/Content/Developers/yonat/Collections/' took 0.00s
[2020.06.02-14.15.41:948][  0]LogFileCache: Scanning file cache for directory 'C:/Users/yonat/Desktop/Udemey Resources/BullCowGame-starter-kit/Content/Collections/' took 0.00s
[2020.06.02-14.15.41:948][  0]LogContentBrowser: Native class hierarchy populated in 0.0135 seconds. Added 3430 classes and 823 folders.
[2020.06.02-14.15.41:952][  0]LogContentBrowser: Native class hierarchy updated for 'WidgetCarousel' in 0.0004 seconds. Added 0 classes and 0 folders.
[2020.06.02-14.15.42:020][  0]LogContentBrowser: Native class hierarchy updated for 'AddContentDialog' in 0.0005 seconds. Added 0 classes and 0 folders.
[2020.06.02-14.15.42:021][  0]LogContentBrowser: Native class hierarchy updated for 'SceneOutliner' in 0.0004 seconds. Added 2 classes and 0 folders.
[2020.06.02-14.15.42:070][  0]LogSlate: Took 0.000170 seconds to synchronously load lazily loaded font '../../../Engine/Content/Slate/Fonts/Roboto-Regular.ttf' (155K)
[2020.06.02-14.15.42:838][  0]LogSlate: Took 0.000210 seconds to synchronously load lazily loaded font '../../../Engine/Content/Slate/Fonts/Roboto-Bold.ttf' (160K)
[2020.06.02-14.15.42:841][  0]LogSlate: Took 0.000190 seconds to synchronously load lazily loaded font '../../../Engine/Content/Editor/Slate/Fonts/FontAwesome.ttf' (139K)
[2020.06.02-14.15.42:954][  0]LogRenderer: Reallocating scene render targets to support 1016x384 Format 10 NumSamples 1 (Frame:1).
[2020.06.02-14.15.43:048][  0]LogSlate: Took 0.000201 seconds to synchronously load lazily loaded font '../../../Engine/Content/Slate/Fonts/Roboto-Light.ttf' (167K)
[2020.06.02-14.15.43:171][  0]LogContentBrowser: Native class hierarchy updated for 'HierarchicalLODOutliner' in 0.0020 seconds. Added 0 classes and 0 folders.
[2020.06.02-14.15.43:173][  0]LogLoad: (Engine Initialization) Total time: 11.18 seconds
[2020.06.02-14.15.43:173][  0]LogLoad: (Engine Initialization) Total Blueprint compile time: 0.00 seconds
[2020.06.02-14.15.43:360][  0]LogContentStreaming: Texture pool size now 1000 MB
[2020.06.02-14.15.43:415][  1]LogAssetRegistry: Asset discovery search completed in 5.7806 seconds
[2020.06.02-14.15.43:426][  1]LogCollectionManager: Fixed up redirectors for 0 collections in 0.000008 seconds (updated 0 objects)
[2020.06.02-14.15.47:445][178]LogSlate: Window 'Editor Preferences' being destroyed
[2020.06.02-14.15.47:453][178]LogSlate: Window 'Editor Preferences' being destroyed
[2020.06.02-14.15.49:096][250]LogEditorViewport: Clicking on Actor (LMB): Terminal_C (Terminal)
[2020.06.02-14.15.50:362][299]LogRenderer: Reallocating scene render targets to support 1020x384 Format 10 NumSamples 1 (Frame:300).
[2020.06.02-14.15.51:596][304]LogRenderer: Reallocating scene render targets to support 1528x628 Format 10 NumSamples 1 (Frame:306).
[2020.06.02-14.15.51:990][316]LogSlate: Took 0.001785 seconds to synchronously load lazily loaded font '../../../Engine/Content/Slate/Fonts/Roboto-Italic.ttf' (157K)
[2020.06.02-14.16.22:018][601]LogEditorViewport: Clicking on Component (LMB): StaticMeshComponent (Cube)
[2020.06.02-14.16.23:731][657]LogEditorViewport: Clicking on Component (LMB): StaticMeshComponent (Cube)
[2020.06.02-14.16.24:375][678]LogEditorViewport: Clicking on Component (LMB): StaticMeshComponent (Cube)
[2020.06.02-14.16.36:846][112]Candidate modules for hot reload:
[2020.06.02-14.16.36:846][112]  BullCowGame
[2020.06.02-14.16.36:847][112]Launching UnrealBuildTool... [C:/Program Files/Epic Games/UE_4.25/Engine/Binaries/DotNET/UnrealBuildTool.exe  -ModuleWithSuffix=BullCowGame,7212 BullCowGameEditor Win64 Development -Project="C:/Users/yonat/Desktop/Udemey Resources/BullCowGame-starter-kit/BullCowGame.uproject" "C:/Users/yonat/Desktop/Udemey Resources/BullCowGame-starter-kit/BullCowGame.uproject"  -IgnoreJunk]
[2020.06.02-14.16.36:855][112]Warning: Starting HotReload took  0.0s.
[2020.06.02-14.16.48:258][487]CompilerResultsLog: New page: Compilation - 2 Jun 2020, 20:16:48
[2020.06.02-14.16.48:259][487]CompilerResultsLog: Building BullCowGameEditor...
[2020.06.02-14.16.48:259][487]CompilerResultsLog: Using Visual Studio 2019 14.26.28805 toolchain (C:\Program Files (x86)\Microsoft Visual Studio\2019\Community\VC\Tools\MSVC\14.26.28801) and Windows 10.0.18362.0 SDK (C:\Program Files (x86)\Windows Kits\10).
[2020.06.02-14.16.48:259][487]CompilerResultsLog: [Upgrade]
[2020.06.02-14.16.48:259][487]CompilerResultsLog: [Upgrade] Using backward-compatible build settings. The latest version of UE4 sets the following values by default, which may require code changes:
[2020.06.02-14.16.48:259][487]CompilerResultsLog: [Upgrade]     bLegacyPublicIncludePaths = false                 => Omits subfolders from public include paths to reduce compiler command line length. (Previously: true).
[2020.06.02-14.16.48:259][487]CompilerResultsLog: [Upgrade]     ShadowVariableWarningLevel = WarningLevel.Error   => Treats shadowed variable warnings as errors. (Previously: WarningLevel.Warning).
[2020.06.02-14.16.48:259][487]CompilerResultsLog: [Upgrade]     PCHUsage = PCHUsageMode.UseExplicitOrSharedPCHs   => Set in build.cs files to enables IWYU-style PCH model. See https://docs.unrealengine.com/en-US/Programming/BuildTools/UnrealBuildTool/IWYU/index.html. (Previously: PCHUsageMode.UseSharedPCHs).
[2020.06.02-14.16.48:259][487]CompilerResultsLog: [Upgrade] Suppress this message by setting 'DefaultBuildSettings = BuildSettingsVersion.V2;' in BullCowGameEditor.Target.cs, and explicitly overriding settings that differ from the new defaults.
[2020.06.02-14.16.48:259][487]CompilerResultsLog: [Upgrade]
[2020.06.02-14.16.48:259][487]CompilerResultsLog: Building 4 actions with 8 processes...
[2020.06.02-14.16.48:259][487]CompilerResultsLog:   [1/4] BullCowCartridge.cpp
[2020.06.02-14.16.48:259][487]CompilerResultsLog:   [2/4] UE4Editor-BullCowGame-7212.lib
[2020.06.02-14.16.48:260][487]CompilerResultsLog:      Creating library C:\Users\yonat\Desktop\Udemey Resources\BullCowGame-starter-kit\Intermediate\Build\Win64\UE4Editor\Development\BullCowGame\UE4Editor-BullCowGame-7212.lib and object C:\Users\yonat\Desktop\Udemey Resources\BullCowGame-starter-kit\Intermediate\Build\Win64\UE4Editor\Development\BullCowGame\UE4Editor-BullCowGame-7212.exp
[2020.06.02-14.16.48:260][487]CompilerResultsLog:   [3/4] UE4Editor-BullCowGame-7212.dll
[2020.06.02-14.16.48:260][487]CompilerResultsLog:      Creating library C:\Users\yonat\Desktop\Udemey Resources\BullCowGame-starter-kit\Intermediate\Build\Win64\UE4Editor\Development\BullCowGame\UE4Editor-BullCowGame-7212.suppressed.lib and object C:\Users\yonat\Desktop\Udemey Resources\BullCowGame-starter-kit\Intermediate\Build\Win64\UE4Editor\Development\BullCowGame\UE4Editor-BullCowGame-7212.suppressed.exp
[2020.06.02-14.16.48:260][487]CompilerResultsLog:   [4/4] BullCowGameEditor.target
[2020.06.02-14.16.48:260][487]CompilerResultsLog: Total time in Parallel executor: 8.31 seconds
[2020.06.02-14.16.48:260][487]CompilerResultsLog: Total execution time: 11.08 seconds
[2020.06.02-14.16.48:260][487]LogMainFrame: MainFrame: Module compiling took 11.438 seconds
[2020.06.02-14.16.48:334][487]LogContentBrowser: Native class hierarchy updated for 'BullCowGame' in 0.0008 seconds. Added 4 classes and 3 folders.
[2020.06.02-14.16.48:336][487]Display: HotReload successful (3 functions remapped  0 scriptstructs remapped)
[2020.06.02-14.16.48:432][487]LogContentBrowser: Native class hierarchy populated in 0.0194 seconds. Added 3430 classes and 823 folders.
[2020.06.02-14.16.48:433][487]Display: HotReload took 11.6s.
[2020.06.02-14.16.55:994][808]Candidate modules for hot reload:
[2020.06.02-14.16.55:994][808]  BullCowGame
[2020.06.02-14.16.55:995][808]Launching UnrealBuildTool... [C:/Program Files/Epic Games/UE_4.25/Engine/Binaries/DotNET/UnrealBuildTool.exe  -ModuleWithSuffix=BullCowGame,9456 BullCowGameEditor Win64 Development -Project="C:/Users/yonat/Desktop/Udemey Resources/BullCowGame-starter-kit/BullCowGame.uproject" "C:/Users/yonat/Desktop/Udemey Resources/BullCowGame-starter-kit/BullCowGame.uproject"  -IgnoreJunk]
[2020.06.02-14.16.55:999][808]Warning: Starting HotReload took  0.0s.
[2020.06.02-14.17.02:008][  6]CompilerResultsLog: New page: Compilation - 2 Jun 2020, 20:17:02
[2020.06.02-14.17.02:008][  6]CompilerResultsLog: Building BullCowGameEditor...
[2020.06.02-14.17.02:008][  6]CompilerResultsLog: Using Visual Studio 2019 14.26.28805 toolchain (C:\Program Files (x86)\Microsoft Visual Studio\2019\Community\VC\Tools\MSVC\14.26.28801) and Windows 10.0.18362.0 SDK (C:\Program Files (x86)\Windows Kits\10).
[2020.06.02-14.17.02:008][  6]CompilerResultsLog: [Upgrade]
[2020.06.02-14.17.02:008][  6]CompilerResultsLog: [Upgrade] Using backward-compatible build settings. The latest version of UE4 sets the following values by default, which may require code changes:
[2020.06.02-14.17.02:008][  6]CompilerResultsLog: [Upgrade]     bLegacyPublicIncludePaths = false                 => Omits subfolders from public include paths to reduce compiler command line length. (Previously: true).
[2020.06.02-14.17.02:008][  6]CompilerResultsLog: [Upgrade]     ShadowVariableWarningLevel = WarningLevel.Error   => Treats shadowed variable warnings as errors. (Previously: WarningLevel.Warning).
[2020.06.02-14.17.02:008][  6]CompilerResultsLog: [Upgrade]     PCHUsage = PCHUsageMode.UseExplicitOrSharedPCHs   => Set in build.cs files to enables IWYU-style PCH model. See https://docs.unrealengine.com/en-US/Programming/BuildTools/UnrealBuildTool/IWYU/index.html. (Previously: PCHUsageMode.UseSharedPCHs).
[2020.06.02-14.17.02:008][  6]CompilerResultsLog: [Upgrade] Suppress this message by setting 'DefaultBuildSettings = BuildSettingsVersion.V2;' in BullCowGameEditor.Target.cs, and explicitly overriding settings that differ from the new defaults.
[2020.06.02-14.17.02:008][  6]CompilerResultsLog: [Upgrade]
[2020.06.02-14.17.02:009][  6]CompilerResultsLog: Building 3 actions with 8 processes...
[2020.06.02-14.17.02:009][  6]CompilerResultsLog:   [1/3] UE4Editor-BullCowGame-9456.lib
[2020.06.02-14.17.02:009][  6]CompilerResultsLog:      Creating library C:\Users\yonat\Desktop\Udemey Resources\BullCowGame-starter-kit\Intermediate\Build\Win64\UE4Editor\Development\BullCowGame\UE4Editor-BullCowGame-9456.lib and object C:\Users\yonat\Desktop\Udemey Resources\BullCowGame-starter-kit\Intermediate\Build\Win64\UE4Editor\Development\BullCowGame\UE4Editor-BullCowGame-9456.exp
[2020.06.02-14.17.02:009][  6]CompilerResultsLog:   [2/3] UE4Editor-BullCowGame-9456.dll
[2020.06.02-14.17.02:009][  6]CompilerResultsLog:      Creating library C:\Users\yonat\Desktop\Udemey Resources\BullCowGame-starter-kit\Intermediate\Build\Win64\UE4Editor\Development\BullCowGame\UE4Editor-BullCowGame-9456.suppressed.lib and object C:\Users\yonat\Desktop\Udemey Resources\BullCowGame-starter-kit\Intermediate\Build\Win64\UE4Editor\Development\BullCowGame\UE4Editor-BullCowGame-9456.suppressed.exp
[2020.06.02-14.17.02:009][  6]CompilerResultsLog:   [3/3] BullCowGameEditor.target
[2020.06.02-14.17.02:009][  6]CompilerResultsLog: Total time in Parallel executor: 3.38 seconds
[2020.06.02-14.17.02:009][  6]CompilerResultsLog: Total execution time: 5.73 seconds
[2020.06.02-14.17.02:009][  6]LogMainFrame: MainFrame: Module compiling took 6.041 seconds
[2020.06.02-14.17.02:108][  6]LogContentBrowser: Native class hierarchy updated for 'BullCowGame' in 0.0008 seconds. Added 4 classes and 3 folders.
[2020.06.02-14.17.02:110][  6]Display: HotReload successful (3 functions remapped  0 scriptstructs remapped)
[2020.06.02-14.17.02:198][  6]LogContentBrowser: Native class hierarchy populated in 0.0198 seconds. Added 3430 classes and 823 folders.
[2020.06.02-14.17.02:198][  6]Display: HotReload took  6.2s.
[2020.06.02-14.17.03:440][ 53]LogTemp: Repeating last play command: Selected Viewport
[2020.06.02-14.17.03:488][ 53]LogPlayLevel: PlayLevel: No blueprints needed recompiling
[2020.06.02-14.17.03:488][ 53]PIE: New page: PIE session: Level1 (2 Jun 2020, 20:17:03)
[2020.06.02-14.17.03:490][ 53]LogOnline: OSS: Creating online subsystem instance for: NULL
[2020.06.02-14.17.03:492][ 53]LogOnline: OSS: TryLoadSubsystemAndSetDefault: Loaded subsystem for module [NULL]
[2020.06.02-14.17.03:492][ 53]LogPlayLevel: Creating play world package: /Game/Levels/UEDPIE_0_Level1
[2020.06.02-14.17.03:564][ 53]LogPlayLevel: PIE: StaticDuplicateObject took: (0.071024s)
[2020.06.02-14.17.03:567][ 53]LogAIModule: Creating AISystem for world Level1
[2020.06.02-14.17.03:567][ 53]LogAISub: UAISubsystem::UAISubsystem EnvQueryManager (00000157440FF200), frame # 3053
[2020.06.02-14.17.03:567][ 53]LogAISub: UAISubsystem::UAISubsystem AIPerceptionSystem (000001574370E980), frame # 3053
[2020.06.02-14.17.03:568][ 53]LogPlayLevel: PIE: World Init took: (0.003692s)
[2020.06.02-14.17.03:568][ 53]LogPlayLevel: PIE: Created PIE world by copying editor world from /Game/Levels/Level1.Level1 to /Game/Levels/UEDPIE_0_Level1.Level1 (0.075134s)
[2020.06.02-14.17.03:588][ 53]LogUObjectHash: Compacting FUObjectHashTables data took   1.34ms
[2020.06.02-14.17.03:592][ 53]LogAudioMixer: Display: Audio Mixer Platform Settings:
[2020.06.02-14.17.03:592][ 53]LogAudioMixer: Display: 	Sample Rate:						  48000
[2020.06.02-14.17.03:592][ 53]LogAudioMixer: Display: 	Callback Buffer Frame Size Requested: 1024
[2020.06.02-14.17.03:592][ 53]LogAudioMixer: Display: 	Callback Buffer Frame Size To Use:	  1024
[2020.06.02-14.17.03:592][ 53]LogAudioMixer: Display: 	Number of buffers to queue:			  2
[2020.06.02-14.17.03:592][ 53]LogAudioMixer: Display: 	Max Channels (voices):				  32
[2020.06.02-14.17.03:592][ 53]LogAudioMixer: Display: 	Number of Async Source Workers:		  0
[2020.06.02-14.17.03:592][ 53]LogAudio: Display: AudioDevice MaxSources: 32
[2020.06.02-14.17.03:593][ 53]LogAudio: Display: Using built-in audio occlusion.
[2020.06.02-14.17.03:593][ 53]LogAudioMixer: Display: Initializing audio mixer.
[2020.06.02-14.17.03:596][ 53]LogAudioMixer: Display: 0: FrontLeft
[2020.06.02-14.17.03:596][ 53]LogAudioMixer: Display: 1: FrontRight
[2020.06.02-14.17.03:633][ 53]LogAudioMixer: Display: Using Audio Device Speaker/Headphone (Realtek High Definition Audio)
[2020.06.02-14.17.03:634][ 53]LogAudioMixer: Display: Initializing Sound Submixes...
[2020.06.02-14.17.03:634][ 53]LogAudioMixer: Display: Creating Master Submix 'MasterSubmixDefault'
[2020.06.02-14.17.03:634][ 53]LogAudioMixer: Display: Creating Master Submix 'MasterReverbSubmixDefault'
[2020.06.02-14.17.03:635][ 53]LogAudioMixer: Display: Creating Master Submix 'MasterEQSubmixDefault'
[2020.06.02-14.17.03:663][ 53]LogInit: FAudioDevice initialized.
[2020.06.02-14.17.03:677][ 53]LogLoad: Game class is 'GameModeBase'
[2020.06.02-14.17.03:685][ 53]LogWorld: Bringing World /Game/Levels/UEDPIE_0_Level1.Level1 up for play (max tick rate 60) at 2020.06.02-17.17.03
[2020.06.02-14.17.03:686][ 53]LogWorld: Bringing up level for play took: 0.005998
[2020.06.02-14.17.03:686][ 53]LogOnline: OSS: Creating online subsystem instance for: :Context_4
[2020.06.02-14.17.03:743][ 53]LogContentBrowser: Native class hierarchy updated for 'MovieSceneCapture' in 0.0010 seconds. Added 20 classes and 0 folders.
[2020.06.02-14.17.03:744][ 53]LogOutputDevice: Warning: 

Script Stack (0 frames):

[2020.06.02-14.17.03:744][ 53]LogWindows: Windows GetLastError: The operation completed successfully. (0)
[2020.06.02-14.17.08:370][ 53]LogWindows: Error: === Critical error: ===
[2020.06.02-14.17.08:370][ 53]LogWindows: Error: 
[2020.06.02-14.17.08:370][ 53]LogWindows: Error: Assertion failed: Terminal [File:C:\Users\yonat\Desktop\Udemey Resources\BullCowGame-starter-kit\Source\BullCowGame\Console\Cartridge.cpp] [Line: 12] 
[2020.06.02-14.17.08:370][ 53]LogWindows: Error: [BullCowCartridge]: No Terminal found
[2020.06.02-14.17.08:370][ 53]LogWindows: Error: 
[2020.06.02-14.17.08:370][ 53]LogWindows: Error: 
[2020.06.02-14.17.08:370][ 53]LogWindows: Error: [Callstack] 0x00007ff99591a839 KERNELBASE.dll!UnknownFunction []
[2020.06.02-14.17.08:370][ 53]LogWindows: Error: [Callstack] 0x00007ff940160b06 UE4Editor-Core.dll!UnknownFunction []
[2020.06.02-14.17.08:370][ 53]LogWindows: Error: [Callstack] 0x00007ff940163ee8 UE4Editor-Core.dll!UnknownFunction []
[2020.06.02-14.17.08:370][ 53]LogWindows: Error: [Callstack] 0x00007ff93fef0c0d UE4Editor-Core.dll!UnknownFunction []
[2020.06.02-14.17.08:370][ 53]LogWindows: Error: [Callstack] 0x00007ff93fe7be95 UE4Editor-Core.dll!UnknownFunction []
[2020.06.02-14.17.08:370][ 53]LogWindows: Error: [Callstack] 0x00007ff93fe7e1d0 UE4Editor-Core.dll!UnknownFunction []
[2020.06.02-14.17.08:370][ 53]LogWindows: Error: [Callstack] 0x00007ff97b3aa081 UE4Editor-BullCowGame-9456.dll!DispatchCheckVerify<void,<lambda_c3a1da286111dd497befa586449d2a5e> >() [C:\Program Files\Epic Games\UE_4.25\Engine\Source\Runtime\Core\Public\Misc\AssertionMacros.h:161]
[2020.06.02-14.17.08:371][ 53]LogWindows: Error: [Callstack] 0x00007ff97b3a2246 UE4Editor-BullCowGame-9456.dll!UCartridge::BeginPlay() [C:\Users\yonat\Desktop\Udemey Resources\BullCowGame-starter-kit\Source\BullCowGame\Console\Cartridge.cpp:12]
[2020.06.02-14.17.08:371][ 53]LogWindows: Error: [Callstack] 0x00007ff97b3a55ae UE4Editor-BullCowGame-9456.dll!UBullCowCartridge::BeginPlay() [C:\Users\yonat\Desktop\Udemey Resources\BullCowGame-starter-kit\Source\BullCowGame\BullCowCartridge.cpp:7]
[2020.06.02-14.17.08:371][ 53]LogWindows: Error: [Callstack] 0x00007ff930704716 UE4Editor-Engine.dll!UnknownFunction []
[2020.06.02-14.17.08:371][ 53]LogWindows: Error: [Callstack] 0x00007ff93071029c UE4Editor-Engine.dll!UnknownFunction []
[2020.06.02-14.17.08:371][ 53]LogWindows: Error: [Callstack] 0x00007ff9319b47dd UE4Editor-Engine.dll!UnknownFunction []
[2020.06.02-14.17.08:371][ 53]LogWindows: Error: [Callstack] 0x00007ff930df1d61 UE4Editor-Engine.dll!UnknownFunction []
[2020.06.02-14.17.08:371][ 53]LogWindows: Error: [Callstack] 0x00007ff93195edae UE4Editor-Engine.dll!UnknownFunction []
[2020.06.02-14.17.08:371][ 53]LogWindows: Error: [Callstack] 0x00007ff930e130f9 UE4Editor-Engine.dll!UnknownFunction []
[2020.06.02-14.17.08:371][ 53]LogWindows: Error: [Callstack] 0x00007ff933e021d0 UE4Editor-UnrealEd.dll!UnknownFunction []
[2020.06.02-14.17.08:371][ 53]LogWindows: Error: [Callstack] 0x00007ff933e2309c UE4Editor-UnrealEd.dll!UnknownFunction []
[2020.06.02-14.17.08:371][ 53]LogWindows: Error: [Callstack] 0x00007ff933e03109 UE4Editor-UnrealEd.dll!UnknownFunction []
[2020.06.02-14.17.08:371][ 53]LogWindows: Error: [Callstack] 0x00007ff933e3ec5a UE4Editor-UnrealEd.dll!UnknownFunction []
[2020.06.02-14.17.08:371][ 53]LogWindows: Error: [Callstack] 0x00007ff933e41f1d UE4Editor-UnrealEd.dll!UnknownFunction []
[2020.06.02-14.17.08:371][ 53]LogWindows: Error: [Callstack] 0x00007ff933e418f8 UE4Editor-UnrealEd.dll!UnknownFunction []
[2020.06.02-14.17.08:371][ 53]LogWindows: Error: [Callstack] 0x00007ff9338ca034 UE4Editor-UnrealEd.dll!UnknownFunction []
[2020.06.02-14.17.08:371][ 53]LogWindows: Error: [Callstack] 0x00007ff9341a0056 UE4Editor-UnrealEd.dll!UnknownFunction []
[2020.06.02-14.17.08:371][ 53]LogWindows: Error: [Callstack] 0x00007ff6f86e7800 UE4Editor.exe!UnknownFunction []
[2020.06.02-14.17.08:371][ 53]LogWindows: Error: [Callstack] 0x00007ff6f86fba7c UE4Editor.exe!UnknownFunction []
[2020.06.02-14.17.08:371][ 53]LogWindows: Error: [Callstack] 0x00007ff6f86fbb5a UE4Editor.exe!UnknownFunction []
[2020.06.02-14.17.08:371][ 53]LogWindows: Error: [Callstack] 0x00007ff6f870e31d UE4Editor.exe!UnknownFunction []
[2020.06.02-14.17.08:371][ 53]LogWindows: Error: [Callstack] 0x00007ff6f871145a UE4Editor.exe!UnknownFunction []
[2020.06.02-14.17.08:372][ 53]LogWindows: Error: [Callstack] 0x00007ff997c37bd4 KERNEL32.DLL!UnknownFunction []
[2020.06.02-14.17.08:372][ 53]LogWindows: Error: [Callstack] 0x00007ff99864ced1 ntdll.dll!UnknownFunction []
[2020.06.02-14.17.08:372][ 53]LogWindows: Error: 
[2020.06.02-14.17.08:418][ 53]LogExit: Executing StaticShutdownAfterError
[2020.06.02-14.17.08:423][ 53]LogWindows: FPlatformMisc::RequestExit(1)
[2020.06.02-14.17.08:423][ 53]LogCore: Engine exit requested (reason: Win RequestExit)
[2020.06.02-14.17.08:428][ 53]Log file closed, 06/02/20 17:17:08
